0 info it worked if it ends with ok
1 verbose cli [ 'C:\\Program Files\\nodejs\\node.exe',
1 verbose cli   'C:\\Users\\loic\\AppData\\Roaming\\npm\\node_modules\\npm\\bin\\npm-cli.js',
1 verbose cli   'install',
1 verbose cli   'bcrypt' ]
2 info using npm@3.7.3
3 info using node@v4.3.1
4 silly loadCurrentTree Starting
5 silly install loadCurrentTree
6 silly install readLocalPackageData
7 silly fetchPackageMetaData bcrypt
8 silly fetchNamedPackageData bcrypt
9 silly mapToRegistry name bcrypt
10 silly mapToRegistry using default registry
11 silly mapToRegistry registry https://registry.npmjs.org/
12 silly mapToRegistry uri https://registry.npmjs.org/bcrypt
13 verbose request uri https://registry.npmjs.org/bcrypt
14 verbose request no auth needed
15 info attempt registry request try #1 at 22:14:52
16 verbose request id 23c6dc6a04a3f59e
17 verbose etag "F1U05AX960AFPR5SWOA4PLFUR"
18 http request GET https://registry.npmjs.org/bcrypt
19 http 304 https://registry.npmjs.org/bcrypt
20 verbose headers { date: 'Wed, 24 Feb 2016 21:14:57 GMT',
20 verbose headers   via: '1.1 varnish',
20 verbose headers   'cache-control': 'max-age=300',
20 verbose headers   etag: '"F1U05AX960AFPR5SWOA4PLFUR"',
20 verbose headers   age: '251',
20 verbose headers   connection: 'keep-alive',
20 verbose headers   'x-served-by': 'cache-fra1232-FRA',
20 verbose headers   'x-cache': 'HIT',
20 verbose headers   'x-cache-hits': '1',
20 verbose headers   'x-timer': 'S1456348497.558856,VS0,VE0',
20 verbose headers   vary: 'Accept' }
21 silly get cb [ 304,
21 silly get   { date: 'Wed, 24 Feb 2016 21:14:57 GMT',
21 silly get     via: '1.1 varnish',
21 silly get     'cache-control': 'max-age=300',
21 silly get     etag: '"F1U05AX960AFPR5SWOA4PLFUR"',
21 silly get     age: '251',
21 silly get     connection: 'keep-alive',
21 silly get     'x-served-by': 'cache-fra1232-FRA',
21 silly get     'x-cache': 'HIT',
21 silly get     'x-cache-hits': '1',
21 silly get     'x-timer': 'S1456348497.558856,VS0,VE0',
21 silly get     vary: 'Accept' } ]
22 verbose etag https://registry.npmjs.org/bcrypt from cache
23 verbose get saving bcrypt to C:\Users\loic\AppData\Roaming\npm-cache\registry.npmjs.org\bcrypt\.cache.json
24 verbose correctMkdir C:\Users\loic\AppData\Roaming\npm-cache correctMkdir not in flight; initializing
25 silly install normalizeTree
26 silly loadCurrentTree Finishing
27 silly loadIdealTree Starting
28 silly install loadIdealTree
29 silly cloneCurrentTree Starting
30 silly install cloneCurrentTreeToIdealTree
31 silly cloneCurrentTree Finishing
32 silly loadShrinkwrap Starting
33 silly install loadShrinkwrap
34 silly loadShrinkwrap Finishing
35 silly loadAllDepsIntoIdealTree Starting
36 silly install loadAllDepsIntoIdealTree
37 silly resolveWithNewModule bcrypt@0.8.5 checking installable status
38 silly cache add args [ 'bcrypt', null ]
39 verbose cache add spec bcrypt
40 silly cache add parsed spec Result {
40 silly cache add   raw: 'bcrypt',
40 silly cache add   scope: null,
40 silly cache add   name: 'bcrypt',
40 silly cache add   rawSpec: '',
40 silly cache add   spec: 'latest',
40 silly cache add   type: 'tag' }
41 silly addNamed bcrypt@latest
42 verbose addNamed "latest" is being treated as a dist-tag for bcrypt
43 info addNameTag [ 'bcrypt', 'latest' ]
44 silly mapToRegistry name bcrypt
45 silly mapToRegistry using default registry
46 silly mapToRegistry registry https://registry.npmjs.org/
47 silly mapToRegistry uri https://registry.npmjs.org/bcrypt
48 verbose addNameTag registry:https://registry.npmjs.org/bcrypt not in flight; fetching
49 verbose get https://registry.npmjs.org/bcrypt not expired, no request
50 silly addNameTag next cb for bcrypt with tag latest
51 silly addNamed bcrypt@0.8.5
52 verbose addNamed "0.8.5" is a plain semver version for bcrypt
53 silly cache afterAdd bcrypt@0.8.5
54 verbose afterAdd C:\Users\loic\AppData\Roaming\npm-cache\bcrypt\0.8.5\package\package.json not in flight; writing
55 verbose correctMkdir C:\Users\loic\AppData\Roaming\npm-cache correctMkdir not in flight; initializing
56 verbose afterAdd C:\Users\loic\AppData\Roaming\npm-cache\bcrypt\0.8.5\package\package.json written
57 silly fetchNamedPackageData nan
58 silly mapToRegistry name nan
59 silly mapToRegistry using default registry
60 silly mapToRegistry registry https://registry.npmjs.org/
61 silly mapToRegistry uri https://registry.npmjs.org/nan
62 verbose request uri https://registry.npmjs.org/nan
63 verbose request no auth needed
64 info attempt registry request try #1 at 22:14:53
65 verbose etag "7Y2U1A5TWU1O0YTKGMD4FB8ZN"
66 http request GET https://registry.npmjs.org/nan
67 http 304 https://registry.npmjs.org/nan
68 verbose headers { date: 'Wed, 24 Feb 2016 21:14:58 GMT',
68 verbose headers   via: '1.1 varnish',
68 verbose headers   'cache-control': 'max-age=300',
68 verbose headers   etag: '"7Y2U1A5TWU1O0YTKGMD4FB8ZN"',
68 verbose headers   age: '81',
68 verbose headers   connection: 'keep-alive',
68 verbose headers   'x-served-by': 'cache-fra1223-FRA',
68 verbose headers   'x-cache': 'HIT',
68 verbose headers   'x-cache-hits': '1',
68 verbose headers   'x-timer': 'S1456348498.532802,VS0,VE0',
68 verbose headers   vary: 'Accept' }
69 silly get cb [ 304,
69 silly get   { date: 'Wed, 24 Feb 2016 21:14:58 GMT',
69 silly get     via: '1.1 varnish',
69 silly get     'cache-control': 'max-age=300',
69 silly get     etag: '"7Y2U1A5TWU1O0YTKGMD4FB8ZN"',
69 silly get     age: '81',
69 silly get     connection: 'keep-alive',
69 silly get     'x-served-by': 'cache-fra1223-FRA',
69 silly get     'x-cache': 'HIT',
69 silly get     'x-cache-hits': '1',
69 silly get     'x-timer': 'S1456348498.532802,VS0,VE0',
69 silly get     vary: 'Accept' } ]
70 verbose etag https://registry.npmjs.org/nan from cache
71 verbose get saving nan to C:\Users\loic\AppData\Roaming\npm-cache\registry.npmjs.org\nan\.cache.json
72 verbose correctMkdir C:\Users\loic\AppData\Roaming\npm-cache correctMkdir not in flight; initializing
73 silly resolveWithNewModule nan@2.0.5 checking installable status
74 silly cache add args [ 'nan@2.0.5', null ]
75 verbose cache add spec nan@2.0.5
76 silly cache add parsed spec Result {
76 silly cache add   raw: 'nan@2.0.5',
76 silly cache add   scope: null,
76 silly cache add   name: 'nan',
76 silly cache add   rawSpec: '2.0.5',
76 silly cache add   spec: '2.0.5',
76 silly cache add   type: 'version' }
77 silly addNamed nan@2.0.5
78 verbose addNamed "2.0.5" is a plain semver version for nan
79 silly mapToRegistry name nan
80 silly mapToRegistry using default registry
81 silly mapToRegistry registry https://registry.npmjs.org/
82 silly mapToRegistry uri https://registry.npmjs.org/nan
83 verbose addNameVersion registry:https://registry.npmjs.org/nan not in flight; fetching
84 verbose get https://registry.npmjs.org/nan not expired, no request
85 silly cache afterAdd nan@2.0.5
86 verbose afterAdd C:\Users\loic\AppData\Roaming\npm-cache\nan\2.0.5\package\package.json not in flight; writing
87 verbose correctMkdir C:\Users\loic\AppData\Roaming\npm-cache correctMkdir not in flight; initializing
88 verbose afterAdd C:\Users\loic\AppData\Roaming\npm-cache\nan\2.0.5\package\package.json written
89 silly loadAllDepsIntoIdealTree Finishing
90 silly idealTree:prePrune FixYourStreet@0.0.1
90 silly idealTree:prePrune +-- abbrev@1.0.7
90 silly idealTree:prePrune +-- accepts@1.3.1
90 silly idealTree:prePrune +-- acorn-globals@1.0.9
90 silly idealTree:prePrune +-- acorn@2.7.0
90 silly idealTree:prePrune +-- align-text@0.1.4
90 silly idealTree:prePrune +-- amdefine@1.0.0
90 silly idealTree:prePrune +-- ansi-regex@2.0.0
90 silly idealTree:prePrune +-- ansi-styles@2.2.0
90 silly idealTree:prePrune +-- ansi@0.3.1
90 silly idealTree:prePrune +-- apidoc-core@0.6.1
90 silly idealTree:prePrune | `-- lodash@4.5.1
90 silly idealTree:prePrune +-- apidoc@0.15.1
90 silly idealTree:prePrune | `-- lodash@4.5.1
90 silly idealTree:prePrune +-- are-we-there-yet@1.0.6
90 silly idealTree:prePrune | `-- readable-stream@2.0.5
90 silly idealTree:prePrune +-- argparse@0.1.16
90 silly idealTree:prePrune | `-- underscore.string@2.4.0
90 silly idealTree:prePrune +-- array-differ@1.0.0
90 silly idealTree:prePrune +-- array-flatten@1.1.1
90 silly idealTree:prePrune +-- array-index@1.0.0
90 silly idealTree:prePrune +-- array-union@1.0.1
90 silly idealTree:prePrune +-- array-uniq@1.0.2
90 silly idealTree:prePrune +-- arrify@1.0.1
90 silly idealTree:prePrune +-- asap@1.0.0
90 silly idealTree:prePrune +-- asn1@0.2.3
90 silly idealTree:prePrune +-- assert-plus@0.2.0
90 silly idealTree:prePrune +-- async@0.2.10
90 silly idealTree:prePrune +-- aws-sign2@0.6.0
90 silly idealTree:prePrune +-- aws4@1.2.1
90 silly idealTree:prePrune +-- balanced-match@0.3.0
90 silly idealTree:prePrune +-- basic-auth@1.0.3
90 silly idealTree:prePrune +-- bcrypt@0.8.5
90 silly idealTree:prePrune +-- bindings@1.2.1
90 silly idealTree:prePrune +-- bl@1.0.3
90 silly idealTree:prePrune | `-- readable-stream@2.0.5
90 silly idealTree:prePrune +-- block-stream@0.0.8
90 silly idealTree:prePrune +-- bluebird@2.9.26
90 silly idealTree:prePrune +-- body-parser@1.15.0
90 silly idealTree:prePrune +-- boom@2.10.1
90 silly idealTree:prePrune +-- brace-expansion@1.1.3
90 silly idealTree:prePrune +-- bson@0.4.21
90 silly idealTree:prePrune +-- bytes@2.2.0
90 silly idealTree:prePrune +-- camelcase@1.2.1
90 silly idealTree:prePrune +-- caseless@0.11.0
90 silly idealTree:prePrune +-- center-align@0.1.3
90 silly idealTree:prePrune +-- chalk@1.1.1
90 silly idealTree:prePrune +-- character-parser@1.2.1
90 silly idealTree:prePrune +-- clean-css@3.4.9
90 silly idealTree:prePrune | `-- commander@2.8.1
90 silly idealTree:prePrune +-- cli@0.6.6
90 silly idealTree:prePrune | +-- glob@3.2.11
90 silly idealTree:prePrune | `-- minimatch@0.3.0
90 silly idealTree:prePrune +-- cliui@2.1.0
90 silly idealTree:prePrune | `-- wordwrap@0.0.2
90 silly idealTree:prePrune +-- coffee-script@1.3.3
90 silly idealTree:prePrune +-- color-convert@1.0.0
90 silly idealTree:prePrune +-- colors@0.6.2
90 silly idealTree:prePrune +-- combined-stream@1.0.5
90 silly idealTree:prePrune +-- commander@2.6.0
90 silly idealTree:prePrune +-- compressible@2.0.7
90 silly idealTree:prePrune +-- compression@1.6.1
90 silly idealTree:prePrune +-- concat-map@0.0.1
90 silly idealTree:prePrune +-- console-browserify@1.1.0
90 silly idealTree:prePrune +-- constantinople@3.0.2
90 silly idealTree:prePrune +-- content-disposition@0.5.1
90 silly idealTree:prePrune +-- content-type@1.0.1
90 silly idealTree:prePrune +-- cookie-parser@1.4.1
90 silly idealTree:prePrune +-- cookie-signature@1.0.6
90 silly idealTree:prePrune +-- cookie@0.2.3
90 silly idealTree:prePrune +-- core-util-is@1.0.2
90 silly idealTree:prePrune +-- cryptiles@2.0.5
90 silly idealTree:prePrune +-- css-parse@1.0.4
90 silly idealTree:prePrune +-- css-stringify@1.0.5
90 silly idealTree:prePrune +-- css@1.0.8
90 silly idealTree:prePrune +-- cycle@1.0.3
90 silly idealTree:prePrune +-- d@0.1.1
90 silly idealTree:prePrune +-- dashdash@1.13.0
90 silly idealTree:prePrune | `-- assert-plus@1.0.0
90 silly idealTree:prePrune +-- date-now@0.1.4
90 silly idealTree:prePrune +-- date-time@1.0.0
90 silly idealTree:prePrune +-- dateformat@1.0.2-1.2.3
90 silly idealTree:prePrune +-- debug@2.2.0
90 silly idealTree:prePrune +-- decamelize@1.1.2
90 silly idealTree:prePrune +-- delayed-stream@1.0.0
90 silly idealTree:prePrune +-- delegates@1.0.0
90 silly idealTree:prePrune +-- depd@1.1.0
90 silly idealTree:prePrune +-- destroy@1.0.4
90 silly idealTree:prePrune +-- dom-serializer@0.1.0
90 silly idealTree:prePrune | +-- domelementtype@1.1.3
90 silly idealTree:prePrune | `-- entities@1.1.1
90 silly idealTree:prePrune +-- domelementtype@1.3.0
90 silly idealTree:prePrune +-- domhandler@2.3.0
90 silly idealTree:prePrune +-- domutils@1.5.1
90 silly idealTree:prePrune +-- ecc-jsbn@0.1.1
90 silly idealTree:prePrune +-- ee-first@1.1.1
90 silly idealTree:prePrune +-- entities@1.0.0
90 silly idealTree:prePrune +-- es5-ext@0.10.11
90 silly idealTree:prePrune +-- es6-iterator@2.0.0
90 silly idealTree:prePrune +-- es6-promise@3.0.2
90 silly idealTree:prePrune +-- es6-symbol@3.0.2
90 silly idealTree:prePrune +-- escape-html@1.0.3
90 silly idealTree:prePrune +-- escape-string-regexp@1.0.5
90 silly idealTree:prePrune +-- esprima@1.0.4
90 silly idealTree:prePrune +-- etag@1.7.0
90 silly idealTree:prePrune +-- eventemitter2@0.4.14
90 silly idealTree:prePrune +-- exit@0.1.2
90 silly idealTree:prePrune +-- express@4.13.4
90 silly idealTree:prePrune | +-- accepts@1.2.13
90 silly idealTree:prePrune | +-- cookie@0.1.5
90 silly idealTree:prePrune | +-- negotiator@0.5.3
90 silly idealTree:prePrune | +-- qs@4.0.0
90 silly idealTree:prePrune | `-- vary@1.0.1
90 silly idealTree:prePrune +-- extend@3.0.0
90 silly idealTree:prePrune +-- extsprintf@1.0.2
90 silly idealTree:prePrune +-- eyes@0.1.8
90 silly idealTree:prePrune +-- faye-websocket@0.4.4
90 silly idealTree:prePrune +-- figures@1.4.0
90 silly idealTree:prePrune +-- finalhandler@0.4.1
90 silly idealTree:prePrune +-- find-up@1.1.0
90 silly idealTree:prePrune +-- findup-sync@0.1.3
90 silly idealTree:prePrune | +-- glob@3.2.11
90 silly idealTree:prePrune | +-- lodash@2.4.2
90 silly idealTree:prePrune | `-- minimatch@0.3.0
90 silly idealTree:prePrune +-- forever-agent@0.6.1
90 silly idealTree:prePrune +-- form-data@1.0.0-rc3
90 silly idealTree:prePrune | `-- async@1.5.2
90 silly idealTree:prePrune +-- forwarded@0.1.0
90 silly idealTree:prePrune +-- fresh@0.3.0
90 silly idealTree:prePrune +-- fs-extra@0.26.5
90 silly idealTree:prePrune | `-- graceful-fs@4.1.3
90 silly idealTree:prePrune +-- fstream@1.0.8
90 silly idealTree:prePrune | `-- graceful-fs@4.1.3
90 silly idealTree:prePrune +-- gauge@1.2.7
90 silly idealTree:prePrune +-- gaze@0.5.2
90 silly idealTree:prePrune +-- generate-function@2.0.0
90 silly idealTree:prePrune +-- generate-object-property@1.2.0
90 silly idealTree:prePrune +-- getobject@0.1.0
90 silly idealTree:prePrune +-- glob@6.0.4
90 silly idealTree:prePrune +-- globule@0.1.0
90 silly idealTree:prePrune | +-- glob@3.1.21
90 silly idealTree:prePrune | +-- inherits@1.0.2
90 silly idealTree:prePrune | +-- lodash@1.0.2
90 silly idealTree:prePrune | `-- minimatch@0.2.14
90 silly idealTree:prePrune +-- graceful-fs@1.2.3
90 silly idealTree:prePrune +-- graceful-readlink@1.0.1
90 silly idealTree:prePrune +-- grunt-apidoc@0.11.0
90 silly idealTree:prePrune +-- grunt-contrib-jshint@1.0.0
90 silly idealTree:prePrune +-- grunt-contrib-stylus@1.0.0
90 silly idealTree:prePrune | +-- async@1.5.2
90 silly idealTree:prePrune | `-- lodash@4.5.1
90 silly idealTree:prePrune +-- grunt-contrib-watch@0.6.1
90 silly idealTree:prePrune | `-- lodash@2.4.2
90 silly idealTree:prePrune +-- grunt-develop@0.4.0
90 silly idealTree:prePrune +-- grunt-legacy-log-utils@0.1.1
90 silly idealTree:prePrune | +-- lodash@2.4.2
90 silly idealTree:prePrune | `-- underscore.string@2.3.3
90 silly idealTree:prePrune +-- grunt-legacy-log@0.1.3
90 silly idealTree:prePrune | +-- lodash@2.4.2
90 silly idealTree:prePrune | `-- underscore.string@2.3.3
90 silly idealTree:prePrune +-- grunt-legacy-util@0.2.0
90 silly idealTree:prePrune | `-- async@0.1.22
90 silly idealTree:prePrune +-- grunt@0.4.5
90 silly idealTree:prePrune | +-- async@0.1.22
90 silly idealTree:prePrune | +-- glob@3.1.21
90 silly idealTree:prePrune | +-- iconv-lite@0.2.11
90 silly idealTree:prePrune | +-- inherits@1.0.2
90 silly idealTree:prePrune | `-- minimatch@0.2.14
90 silly idealTree:prePrune +-- har-validator@2.0.6
90 silly idealTree:prePrune | `-- commander@2.9.0
90 silly idealTree:prePrune +-- has-ansi@2.0.0
90 silly idealTree:prePrune +-- has-color@0.1.7
90 silly idealTree:prePrune +-- has-unicode@2.0.0
90 silly idealTree:prePrune +-- hawk@3.1.3
90 silly idealTree:prePrune +-- hoek@2.16.3
90 silly idealTree:prePrune +-- hooker@0.2.3
90 silly idealTree:prePrune +-- hooks-fixed@1.1.0
90 silly idealTree:prePrune +-- htmlparser2@3.8.3
90 silly idealTree:prePrune | `-- readable-stream@1.1.13
90 silly idealTree:prePrune +-- http-errors@1.4.0
90 silly idealTree:prePrune +-- http-signature@1.1.1
90 silly idealTree:prePrune +-- iconv-lite@0.4.13
90 silly idealTree:prePrune +-- inflight@1.0.4
90 silly idealTree:prePrune +-- inherits@2.0.1
90 silly idealTree:prePrune +-- ipaddr.js@1.0.5
90 silly idealTree:prePrune +-- is-buffer@1.1.2
90 silly idealTree:prePrune +-- is-finite@1.0.1
90 silly idealTree:prePrune +-- is-my-json-valid@2.13.0
90 silly idealTree:prePrune +-- is-promise@2.1.0
90 silly idealTree:prePrune +-- is-property@1.0.2
90 silly idealTree:prePrune +-- is-typedarray@1.0.0
90 silly idealTree:prePrune +-- isarray@0.0.1
90 silly idealTree:prePrune +-- isstream@0.1.2
90 silly idealTree:prePrune +-- jade@1.11.0
90 silly idealTree:prePrune +-- jodid25519@1.0.2
90 silly idealTree:prePrune +-- js-yaml@2.0.5
90 silly idealTree:prePrune +-- jsbn@0.1.0
90 silly idealTree:prePrune +-- jshint@2.9.1
90 silly idealTree:prePrune | +-- lodash@3.7.0
90 silly idealTree:prePrune | `-- minimatch@2.0.10
90 silly idealTree:prePrune +-- json-schema@0.2.2
90 silly idealTree:prePrune +-- json-stringify-safe@5.0.1
90 silly idealTree:prePrune +-- jsonfile@2.2.3
90 silly idealTree:prePrune +-- jsonpointer@2.0.0
90 silly idealTree:prePrune +-- jsprim@1.2.2
90 silly idealTree:prePrune +-- jstransformer@0.0.2
90 silly idealTree:prePrune +-- kareem@1.0.1
90 silly idealTree:prePrune +-- kind-of@3.0.2
90 silly idealTree:prePrune +-- klaw@1.1.3
90 silly idealTree:prePrune +-- lazy-cache@1.0.3
90 silly idealTree:prePrune +-- linkify-it@1.2.0
90 silly idealTree:prePrune +-- load-grunt-tasks@3.4.0
90 silly idealTree:prePrune +-- lodash._baseeach@4.1.0
90 silly idealTree:prePrune +-- lodash.foreach@4.1.0
90 silly idealTree:prePrune +-- lodash.get@4.1.2
90 silly idealTree:prePrune +-- lodash.pad@4.1.0
90 silly idealTree:prePrune +-- lodash.padend@4.2.0
90 silly idealTree:prePrune +-- lodash.padstart@4.2.0
90 silly idealTree:prePrune +-- lodash.repeat@4.0.0
90 silly idealTree:prePrune +-- lodash.tostring@4.1.1
90 silly idealTree:prePrune +-- lodash@0.9.2
90 silly idealTree:prePrune +-- longest@1.0.1
90 silly idealTree:prePrune +-- lru-cache@2.7.3
90 silly idealTree:prePrune +-- markdown-it@6.0.0
90 silly idealTree:prePrune | +-- argparse@1.0.6
90 silly idealTree:prePrune | `-- entities@1.1.1
90 silly idealTree:prePrune +-- mdurl@1.0.1
90 silly idealTree:prePrune +-- media-typer@0.3.0
90 silly idealTree:prePrune +-- merge-descriptors@1.0.1
90 silly idealTree:prePrune +-- method-override@2.3.5
90 silly idealTree:prePrune | `-- vary@1.0.1
90 silly idealTree:prePrune +-- methods@1.1.2
90 silly idealTree:prePrune +-- mime-db@1.22.0
90 silly idealTree:prePrune +-- mime-types@2.1.10
90 silly idealTree:prePrune +-- mime@1.3.4
90 silly idealTree:prePrune +-- minimatch@3.0.0
90 silly idealTree:prePrune +-- minimist@0.0.8
90 silly idealTree:prePrune +-- mkdirp@0.5.1
90 silly idealTree:prePrune +-- mongodb-core@1.3.1
90 silly idealTree:prePrune +-- mongodb@2.1.6
90 silly idealTree:prePrune +-- mongoose-unique-validator@1.0.1
90 silly idealTree:prePrune +-- mongoose@4.4.4
90 silly idealTree:prePrune | `-- async@1.5.2
90 silly idealTree:prePrune +-- morgan@1.7.0
90 silly idealTree:prePrune +-- mpath@0.2.1
90 silly idealTree:prePrune +-- mpromise@0.5.5
90 silly idealTree:prePrune +-- mquery@1.6.3
90 silly idealTree:prePrune | `-- sliced@0.0.5
90 silly idealTree:prePrune +-- ms@0.7.1
90 silly idealTree:prePrune +-- multimatch@2.1.0
90 silly idealTree:prePrune +-- muri@1.1.0
90 silly idealTree:prePrune +-- nan@2.0.5
90 silly idealTree:prePrune +-- negotiator@0.6.0
90 silly idealTree:prePrune +-- nib@1.1.0
90 silly idealTree:prePrune | +-- css-parse@1.7.0
90 silly idealTree:prePrune | +-- glob@3.2.11
90 silly idealTree:prePrune | +-- minimatch@0.3.0
90 silly idealTree:prePrune | +-- mkdirp@0.3.5
90 silly idealTree:prePrune | +-- source-map@0.1.43
90 silly idealTree:prePrune | `-- stylus@0.49.3
90 silly idealTree:prePrune +-- node-gyp@3.3.0
90 silly idealTree:prePrune | +-- glob@4.5.3
90 silly idealTree:prePrune | | `-- minimatch@2.0.10
90 silly idealTree:prePrune | +-- graceful-fs@4.1.3
90 silly idealTree:prePrune | +-- minimatch@1.0.0
90 silly idealTree:prePrune | `-- nopt@3.0.6
90 silly idealTree:prePrune +-- node-uuid@1.4.7
90 silly idealTree:prePrune +-- nomnom@1.8.1
90 silly idealTree:prePrune | +-- ansi-styles@1.0.0
90 silly idealTree:prePrune | +-- chalk@0.4.0
90 silly idealTree:prePrune | +-- strip-ansi@0.1.1
90 silly idealTree:prePrune | `-- underscore@1.6.0
90 silly idealTree:prePrune +-- nopt@1.0.10
90 silly idealTree:prePrune +-- noptify@0.0.3
90 silly idealTree:prePrune | `-- nopt@2.0.0
90 silly idealTree:prePrune +-- npmlog@2.0.2
90 silly idealTree:prePrune +-- number-is-nan@1.0.0
90 silly idealTree:prePrune +-- oauth-sign@0.8.1
90 silly idealTree:prePrune +-- on-finished@2.3.0
90 silly idealTree:prePrune +-- on-headers@1.0.1
90 silly idealTree:prePrune +-- once@1.3.3
90 silly idealTree:prePrune +-- optimist@0.3.7
90 silly idealTree:prePrune +-- os-homedir@1.0.1
90 silly idealTree:prePrune +-- os-tmpdir@1.0.1
90 silly idealTree:prePrune +-- osenv@0.1.3
90 silly idealTree:prePrune +-- parse-ms@1.0.1
90 silly idealTree:prePrune +-- parseurl@1.3.1
90 silly idealTree:prePrune +-- path-array@1.0.1
90 silly idealTree:prePrune +-- path-exists@2.1.0
90 silly idealTree:prePrune +-- path-is-absolute@1.0.0
90 silly idealTree:prePrune +-- path-to-regexp@0.1.7
90 silly idealTree:prePrune +-- pinkie-promise@2.0.0
90 silly idealTree:prePrune +-- pinkie@2.0.4
90 silly idealTree:prePrune +-- pkg-up@1.0.0
90 silly idealTree:prePrune +-- pkginfo@0.3.1
90 silly idealTree:prePrune +-- plur@1.0.0
90 silly idealTree:prePrune +-- pretty-ms@2.1.0
90 silly idealTree:prePrune +-- process-nextick-args@1.0.6
90 silly idealTree:prePrune +-- promise@6.1.0
90 silly idealTree:prePrune +-- proxy-addr@1.0.10
90 silly idealTree:prePrune +-- qs@6.1.0
90 silly idealTree:prePrune +-- range-parser@1.0.3
90 silly idealTree:prePrune +-- raw-body@2.1.5
90 silly idealTree:prePrune +-- readable-stream@1.0.31
90 silly idealTree:prePrune +-- regexp-clone@0.0.1
90 silly idealTree:prePrune +-- repeat-string@1.5.2
90 silly idealTree:prePrune +-- request@2.69.0
90 silly idealTree:prePrune | `-- qs@6.0.2
90 silly idealTree:prePrune +-- require_optional@1.0.0
90 silly idealTree:prePrune +-- resolve-from@2.0.0
90 silly idealTree:prePrune +-- resolve-pkg@0.1.0
90 silly idealTree:prePrune +-- right-align@0.1.3
90 silly idealTree:prePrune +-- rimraf@2.2.8
90 silly idealTree:prePrune +-- sax@0.5.8
90 silly idealTree:prePrune +-- semver@5.1.0
90 silly idealTree:prePrune +-- send@0.13.1
90 silly idealTree:prePrune | `-- http-errors@1.3.1
90 silly idealTree:prePrune +-- serve-favicon@2.3.0
90 silly idealTree:prePrune +-- serve-static@1.10.2
90 silly idealTree:prePrune +-- shelljs@0.3.0
90 silly idealTree:prePrune +-- sigmund@1.0.1
90 silly idealTree:prePrune +-- sliced@1.0.1
90 silly idealTree:prePrune +-- sntp@1.0.9
90 silly idealTree:prePrune +-- source-map@0.4.4
90 silly idealTree:prePrune +-- sprintf-js@1.0.3
90 silly idealTree:prePrune +-- sshpk@1.7.4
90 silly idealTree:prePrune +-- stack-trace@0.0.9
90 silly idealTree:prePrune +-- statuses@1.2.1
90 silly idealTree:prePrune +-- string_decoder@0.10.31
90 silly idealTree:prePrune +-- stringstream@0.0.5
90 silly idealTree:prePrune +-- strip-ansi@3.0.1
90 silly idealTree:prePrune +-- strip-json-comments@1.0.4
90 silly idealTree:prePrune +-- stylus@0.53.0
90 silly idealTree:prePrune | +-- css-parse@1.7.0
90 silly idealTree:prePrune | +-- glob@3.2.11
90 silly idealTree:prePrune | +-- minimatch@0.3.0
90 silly idealTree:prePrune | `-- source-map@0.1.43
90 silly idealTree:prePrune +-- supports-color@2.0.0
90 silly idealTree:prePrune +-- tar@2.2.1
90 silly idealTree:prePrune +-- text-table@0.2.0
90 silly idealTree:prePrune +-- time-grunt@1.3.0
90 silly idealTree:prePrune +-- tiny-lr-fork@0.0.5
90 silly idealTree:prePrune | +-- debug@0.7.4
90 silly idealTree:prePrune | `-- qs@0.5.6
90 silly idealTree:prePrune +-- tough-cookie@2.2.1
90 silly idealTree:prePrune +-- transformers@2.1.0
90 silly idealTree:prePrune | +-- is-promise@1.0.1
90 silly idealTree:prePrune | +-- promise@2.0.0
90 silly idealTree:prePrune | +-- source-map@0.1.43
90 silly idealTree:prePrune | `-- uglify-js@2.2.5
90 silly idealTree:prePrune +-- tunnel-agent@0.4.2
90 silly idealTree:prePrune +-- tweetnacl@0.14.0
90 silly idealTree:prePrune +-- type-is@1.6.11
90 silly idealTree:prePrune +-- uc.micro@1.0.0
90 silly idealTree:prePrune +-- uglify-js@2.6.1
90 silly idealTree:prePrune | `-- source-map@0.5.3
90 silly idealTree:prePrune +-- uglify-to-browserify@1.0.2
90 silly idealTree:prePrune +-- underscore.string@2.2.1
90 silly idealTree:prePrune +-- underscore@1.7.0
90 silly idealTree:prePrune +-- unpipe@1.0.0
90 silly idealTree:prePrune +-- util-deprecate@1.0.2
90 silly idealTree:prePrune +-- utils-merge@1.0.0
90 silly idealTree:prePrune +-- vary@1.1.0
90 silly idealTree:prePrune +-- verror@1.3.6
90 silly idealTree:prePrune +-- void-elements@2.0.1
90 silly idealTree:prePrune +-- which@1.0.9
90 silly idealTree:prePrune +-- window-size@0.1.0
90 silly idealTree:prePrune +-- winston@2.1.1
90 silly idealTree:prePrune | +-- async@1.0.0
90 silly idealTree:prePrune | `-- colors@1.0.3
90 silly idealTree:prePrune +-- with@4.0.3
90 silly idealTree:prePrune | `-- acorn@1.2.2
90 silly idealTree:prePrune +-- wordwrap@0.0.3
90 silly idealTree:prePrune +-- wrappy@1.0.1
90 silly idealTree:prePrune +-- wrench@1.5.8
90 silly idealTree:prePrune +-- xtend@4.0.1
90 silly idealTree:prePrune `-- yargs@3.10.0
91 silly loadIdealTree Finishing
92 silly currentTree FixYourStreet@0.0.1
92 silly currentTree +-- abbrev@1.0.7
92 silly currentTree +-- accepts@1.3.1
92 silly currentTree +-- acorn-globals@1.0.9
92 silly currentTree +-- acorn@2.7.0
92 silly currentTree +-- align-text@0.1.4
92 silly currentTree +-- amdefine@1.0.0
92 silly currentTree +-- ansi-regex@2.0.0
92 silly currentTree +-- ansi-styles@2.2.0
92 silly currentTree +-- ansi@0.3.1
92 silly currentTree +-- apidoc-core@0.6.1
92 silly currentTree | `-- lodash@4.5.1
92 silly currentTree +-- apidoc@0.15.1
92 silly currentTree | `-- lodash@4.5.1
92 silly currentTree +-- are-we-there-yet@1.0.6
92 silly currentTree | `-- readable-stream@2.0.5
92 silly currentTree +-- argparse@0.1.16
92 silly currentTree | `-- underscore.string@2.4.0
92 silly currentTree +-- array-differ@1.0.0
92 silly currentTree +-- array-flatten@1.1.1
92 silly currentTree +-- array-index@1.0.0
92 silly currentTree +-- array-union@1.0.1
92 silly currentTree +-- array-uniq@1.0.2
92 silly currentTree +-- arrify@1.0.1
92 silly currentTree +-- asap@1.0.0
92 silly currentTree +-- asn1@0.2.3
92 silly currentTree +-- assert-plus@0.2.0
92 silly currentTree +-- async@0.2.10
92 silly currentTree +-- aws-sign2@0.6.0
92 silly currentTree +-- aws4@1.2.1
92 silly currentTree +-- balanced-match@0.3.0
92 silly currentTree +-- basic-auth@1.0.3
92 silly currentTree +-- bindings@1.2.1
92 silly currentTree +-- bl@1.0.3
92 silly currentTree | `-- readable-stream@2.0.5
92 silly currentTree +-- block-stream@0.0.8
92 silly currentTree +-- bluebird@2.9.26
92 silly currentTree +-- body-parser@1.15.0
92 silly currentTree +-- boom@2.10.1
92 silly currentTree +-- brace-expansion@1.1.3
92 silly currentTree +-- bson@0.4.21
92 silly currentTree +-- bytes@2.2.0
92 silly currentTree +-- camelcase@1.2.1
92 silly currentTree +-- caseless@0.11.0
92 silly currentTree +-- center-align@0.1.3
92 silly currentTree +-- chalk@1.1.1
92 silly currentTree +-- character-parser@1.2.1
92 silly currentTree +-- clean-css@3.4.9
92 silly currentTree | `-- commander@2.8.1
92 silly currentTree +-- cli@0.6.6
92 silly currentTree | +-- glob@3.2.11
92 silly currentTree | `-- minimatch@0.3.0
92 silly currentTree +-- cliui@2.1.0
92 silly currentTree | `-- wordwrap@0.0.2
92 silly currentTree +-- coffee-script@1.3.3
92 silly currentTree +-- color-convert@1.0.0
92 silly currentTree +-- colors@0.6.2
92 silly currentTree +-- combined-stream@1.0.5
92 silly currentTree +-- commander@2.6.0
92 silly currentTree +-- compressible@2.0.7
92 silly currentTree +-- compression@1.6.1
92 silly currentTree +-- concat-map@0.0.1
92 silly currentTree +-- console-browserify@1.1.0
92 silly currentTree +-- constantinople@3.0.2
92 silly currentTree +-- content-disposition@0.5.1
92 silly currentTree +-- content-type@1.0.1
92 silly currentTree +-- cookie-parser@1.4.1
92 silly currentTree +-- cookie-signature@1.0.6
92 silly currentTree +-- cookie@0.2.3
92 silly currentTree +-- core-util-is@1.0.2
92 silly currentTree +-- cryptiles@2.0.5
92 silly currentTree +-- css-parse@1.0.4
92 silly currentTree +-- css-stringify@1.0.5
92 silly currentTree +-- css@1.0.8
92 silly currentTree +-- cycle@1.0.3
92 silly currentTree +-- d@0.1.1
92 silly currentTree +-- dashdash@1.13.0
92 silly currentTree | `-- assert-plus@1.0.0
92 silly currentTree +-- date-now@0.1.4
92 silly currentTree +-- date-time@1.0.0
92 silly currentTree +-- dateformat@1.0.2-1.2.3
92 silly currentTree +-- debug@2.2.0
92 silly currentTree +-- decamelize@1.1.2
92 silly currentTree +-- delayed-stream@1.0.0
92 silly currentTree +-- delegates@1.0.0
92 silly currentTree +-- depd@1.1.0
92 silly currentTree +-- destroy@1.0.4
92 silly currentTree +-- dom-serializer@0.1.0
92 silly currentTree | +-- domelementtype@1.1.3
92 silly currentTree | `-- entities@1.1.1
92 silly currentTree +-- domelementtype@1.3.0
92 silly currentTree +-- domhandler@2.3.0
92 silly currentTree +-- domutils@1.5.1
92 silly currentTree +-- ecc-jsbn@0.1.1
92 silly currentTree +-- ee-first@1.1.1
92 silly currentTree +-- entities@1.0.0
92 silly currentTree +-- es5-ext@0.10.11
92 silly currentTree +-- es6-iterator@2.0.0
92 silly currentTree +-- es6-promise@3.0.2
92 silly currentTree +-- es6-symbol@3.0.2
92 silly currentTree +-- escape-html@1.0.3
92 silly currentTree +-- escape-string-regexp@1.0.5
92 silly currentTree +-- esprima@1.0.4
92 silly currentTree +-- etag@1.7.0
92 silly currentTree +-- eventemitter2@0.4.14
92 silly currentTree +-- exit@0.1.2
92 silly currentTree +-- express@4.13.4
92 silly currentTree | +-- accepts@1.2.13
92 silly currentTree | +-- cookie@0.1.5
92 silly currentTree | +-- negotiator@0.5.3
92 silly currentTree | +-- qs@4.0.0
92 silly currentTree | `-- vary@1.0.1
92 silly currentTree +-- extend@3.0.0
92 silly currentTree +-- extsprintf@1.0.2
92 silly currentTree +-- eyes@0.1.8
92 silly currentTree +-- faye-websocket@0.4.4
92 silly currentTree +-- figures@1.4.0
92 silly currentTree +-- finalhandler@0.4.1
92 silly currentTree +-- find-up@1.1.0
92 silly currentTree +-- findup-sync@0.1.3
92 silly currentTree | +-- glob@3.2.11
92 silly currentTree | +-- lodash@2.4.2
92 silly currentTree | `-- minimatch@0.3.0
92 silly currentTree +-- forever-agent@0.6.1
92 silly currentTree +-- form-data@1.0.0-rc3
92 silly currentTree | `-- async@1.5.2
92 silly currentTree +-- forwarded@0.1.0
92 silly currentTree +-- fresh@0.3.0
92 silly currentTree +-- fs-extra@0.26.5
92 silly currentTree | `-- graceful-fs@4.1.3
92 silly currentTree +-- fstream@1.0.8
92 silly currentTree | `-- graceful-fs@4.1.3
92 silly currentTree +-- gauge@1.2.7
92 silly currentTree +-- gaze@0.5.2
92 silly currentTree +-- generate-function@2.0.0
92 silly currentTree +-- generate-object-property@1.2.0
92 silly currentTree +-- getobject@0.1.0
92 silly currentTree +-- glob@6.0.4
92 silly currentTree +-- globule@0.1.0
92 silly currentTree | +-- glob@3.1.21
92 silly currentTree | +-- inherits@1.0.2
92 silly currentTree | +-- lodash@1.0.2
92 silly currentTree | `-- minimatch@0.2.14
92 silly currentTree +-- graceful-fs@1.2.3
92 silly currentTree +-- graceful-readlink@1.0.1
92 silly currentTree +-- grunt-apidoc@0.11.0
92 silly currentTree +-- grunt-contrib-jshint@1.0.0
92 silly currentTree +-- grunt-contrib-stylus@1.0.0
92 silly currentTree | +-- async@1.5.2
92 silly currentTree | `-- lodash@4.5.1
92 silly currentTree +-- grunt-contrib-watch@0.6.1
92 silly currentTree | `-- lodash@2.4.2
92 silly currentTree +-- grunt-develop@0.4.0
92 silly currentTree +-- grunt-legacy-log-utils@0.1.1
92 silly currentTree | +-- lodash@2.4.2
92 silly currentTree | `-- underscore.string@2.3.3
92 silly currentTree +-- grunt-legacy-log@0.1.3
92 silly currentTree | +-- lodash@2.4.2
92 silly currentTree | `-- underscore.string@2.3.3
92 silly currentTree +-- grunt-legacy-util@0.2.0
92 silly currentTree | `-- async@0.1.22
92 silly currentTree +-- grunt@0.4.5
92 silly currentTree | +-- async@0.1.22
92 silly currentTree | +-- glob@3.1.21
92 silly currentTree | +-- iconv-lite@0.2.11
92 silly currentTree | +-- inherits@1.0.2
92 silly currentTree | `-- minimatch@0.2.14
92 silly currentTree +-- har-validator@2.0.6
92 silly currentTree | `-- commander@2.9.0
92 silly currentTree +-- has-ansi@2.0.0
92 silly currentTree +-- has-color@0.1.7
92 silly currentTree +-- has-unicode@2.0.0
92 silly currentTree +-- hawk@3.1.3
92 silly currentTree +-- hoek@2.16.3
92 silly currentTree +-- hooker@0.2.3
92 silly currentTree +-- hooks-fixed@1.1.0
92 silly currentTree +-- htmlparser2@3.8.3
92 silly currentTree | `-- readable-stream@1.1.13
92 silly currentTree +-- http-errors@1.4.0
92 silly currentTree +-- http-signature@1.1.1
92 silly currentTree +-- iconv-lite@0.4.13
92 silly currentTree +-- inflight@1.0.4
92 silly currentTree +-- inherits@2.0.1
92 silly currentTree +-- ipaddr.js@1.0.5
92 silly currentTree +-- is-buffer@1.1.2
92 silly currentTree +-- is-finite@1.0.1
92 silly currentTree +-- is-my-json-valid@2.13.0
92 silly currentTree +-- is-promise@2.1.0
92 silly currentTree +-- is-property@1.0.2
92 silly currentTree +-- is-typedarray@1.0.0
92 silly currentTree +-- isarray@0.0.1
92 silly currentTree +-- isstream@0.1.2
92 silly currentTree +-- jade@1.11.0
92 silly currentTree +-- jodid25519@1.0.2
92 silly currentTree +-- js-yaml@2.0.5
92 silly currentTree +-- jsbn@0.1.0
92 silly currentTree +-- jshint@2.9.1
92 silly currentTree | +-- lodash@3.7.0
92 silly currentTree | `-- minimatch@2.0.10
92 silly currentTree +-- json-schema@0.2.2
92 silly currentTree +-- json-stringify-safe@5.0.1
92 silly currentTree +-- jsonfile@2.2.3
92 silly currentTree +-- jsonpointer@2.0.0
92 silly currentTree +-- jsprim@1.2.2
92 silly currentTree +-- jstransformer@0.0.2
92 silly currentTree +-- kareem@1.0.1
92 silly currentTree +-- kind-of@3.0.2
92 silly currentTree +-- klaw@1.1.3
92 silly currentTree +-- lazy-cache@1.0.3
92 silly currentTree +-- linkify-it@1.2.0
92 silly currentTree +-- load-grunt-tasks@3.4.0
92 silly currentTree +-- lodash._baseeach@4.1.0
92 silly currentTree +-- lodash.foreach@4.1.0
92 silly currentTree +-- lodash.get@4.1.2
92 silly currentTree +-- lodash.pad@4.1.0
92 silly currentTree +-- lodash.padend@4.2.0
92 silly currentTree +-- lodash.padstart@4.2.0
92 silly currentTree +-- lodash.repeat@4.0.0
92 silly currentTree +-- lodash.tostring@4.1.1
92 silly currentTree +-- lodash@0.9.2
92 silly currentTree +-- longest@1.0.1
92 silly currentTree +-- lru-cache@2.7.3
92 silly currentTree +-- markdown-it@6.0.0
92 silly currentTree | +-- argparse@1.0.6
92 silly currentTree | `-- entities@1.1.1
92 silly currentTree +-- mdurl@1.0.1
92 silly currentTree +-- media-typer@0.3.0
92 silly currentTree +-- merge-descriptors@1.0.1
92 silly currentTree +-- method-override@2.3.5
92 silly currentTree | `-- vary@1.0.1
92 silly currentTree +-- methods@1.1.2
92 silly currentTree +-- mime-db@1.22.0
92 silly currentTree +-- mime-types@2.1.10
92 silly currentTree +-- mime@1.3.4
92 silly currentTree +-- minimatch@3.0.0
92 silly currentTree +-- minimist@0.0.8
92 silly currentTree +-- mkdirp@0.5.1
92 silly currentTree +-- mongodb-core@1.3.1
92 silly currentTree +-- mongodb@2.1.6
92 silly currentTree +-- mongoose-unique-validator@1.0.1
92 silly currentTree +-- mongoose@4.4.4
92 silly currentTree | `-- async@1.5.2
92 silly currentTree +-- morgan@1.7.0
92 silly currentTree +-- mpath@0.2.1
92 silly currentTree +-- mpromise@0.5.5
92 silly currentTree +-- mquery@1.6.3
92 silly currentTree | `-- sliced@0.0.5
92 silly currentTree +-- ms@0.7.1
92 silly currentTree +-- multimatch@2.1.0
92 silly currentTree +-- muri@1.1.0
92 silly currentTree +-- negotiator@0.6.0
92 silly currentTree +-- nib@1.1.0
92 silly currentTree | +-- css-parse@1.7.0
92 silly currentTree | +-- glob@3.2.11
92 silly currentTree | +-- minimatch@0.3.0
92 silly currentTree | +-- mkdirp@0.3.5
92 silly currentTree | +-- source-map@0.1.43
92 silly currentTree | `-- stylus@0.49.3
92 silly currentTree +-- node-gyp@3.3.0
92 silly currentTree | +-- glob@4.5.3
92 silly currentTree | | `-- minimatch@2.0.10
92 silly currentTree | +-- graceful-fs@4.1.3
92 silly currentTree | +-- minimatch@1.0.0
92 silly currentTree | `-- nopt@3.0.6
92 silly currentTree +-- node-uuid@1.4.7
92 silly currentTree +-- nomnom@1.8.1
92 silly currentTree | +-- ansi-styles@1.0.0
92 silly currentTree | +-- chalk@0.4.0
92 silly currentTree | +-- strip-ansi@0.1.1
92 silly currentTree | `-- underscore@1.6.0
92 silly currentTree +-- nopt@1.0.10
92 silly currentTree +-- noptify@0.0.3
92 silly currentTree | `-- nopt@2.0.0
92 silly currentTree +-- npmlog@2.0.2
92 silly currentTree +-- number-is-nan@1.0.0
92 silly currentTree +-- oauth-sign@0.8.1
92 silly currentTree +-- on-finished@2.3.0
92 silly currentTree +-- on-headers@1.0.1
92 silly currentTree +-- once@1.3.3
92 silly currentTree +-- optimist@0.3.7
92 silly currentTree +-- os-homedir@1.0.1
92 silly currentTree +-- os-tmpdir@1.0.1
92 silly currentTree +-- osenv@0.1.3
92 silly currentTree +-- parse-ms@1.0.1
92 silly currentTree +-- parseurl@1.3.1
92 silly currentTree +-- path-array@1.0.1
92 silly currentTree +-- path-exists@2.1.0
92 silly currentTree +-- path-is-absolute@1.0.0
92 silly currentTree +-- path-to-regexp@0.1.7
92 silly currentTree +-- pinkie-promise@2.0.0
92 silly currentTree +-- pinkie@2.0.4
92 silly currentTree +-- pkg-up@1.0.0
92 silly currentTree +-- pkginfo@0.3.1
92 silly currentTree +-- plur@1.0.0
92 silly currentTree +-- pretty-ms@2.1.0
92 silly currentTree +-- process-nextick-args@1.0.6
92 silly currentTree +-- promise@6.1.0
92 silly currentTree +-- proxy-addr@1.0.10
92 silly currentTree +-- qs@6.1.0
92 silly currentTree +-- range-parser@1.0.3
92 silly currentTree +-- raw-body@2.1.5
92 silly currentTree +-- readable-stream@1.0.31
92 silly currentTree +-- regexp-clone@0.0.1
92 silly currentTree +-- repeat-string@1.5.2
92 silly currentTree +-- request@2.69.0
92 silly currentTree | `-- qs@6.0.2
92 silly currentTree +-- require_optional@1.0.0
92 silly currentTree +-- resolve-from@2.0.0
92 silly currentTree +-- resolve-pkg@0.1.0
92 silly currentTree +-- right-align@0.1.3
92 silly currentTree +-- rimraf@2.2.8
92 silly currentTree +-- sax@0.5.8
92 silly currentTree +-- semver@5.1.0
92 silly currentTree +-- send@0.13.1
92 silly currentTree | `-- http-errors@1.3.1
92 silly currentTree +-- serve-favicon@2.3.0
92 silly currentTree +-- serve-static@1.10.2
92 silly currentTree +-- shelljs@0.3.0
92 silly currentTree +-- sigmund@1.0.1
92 silly currentTree +-- sliced@1.0.1
92 silly currentTree +-- sntp@1.0.9
92 silly currentTree +-- source-map@0.4.4
92 silly currentTree +-- sprintf-js@1.0.3
92 silly currentTree +-- sshpk@1.7.4
92 silly currentTree +-- stack-trace@0.0.9
92 silly currentTree +-- statuses@1.2.1
92 silly currentTree +-- string_decoder@0.10.31
92 silly currentTree +-- stringstream@0.0.5
92 silly currentTree +-- strip-ansi@3.0.1
92 silly currentTree +-- strip-json-comments@1.0.4
92 silly currentTree +-- stylus@0.53.0
92 silly currentTree | +-- css-parse@1.7.0
92 silly currentTree | +-- glob@3.2.11
92 silly currentTree | +-- minimatch@0.3.0
92 silly currentTree | `-- source-map@0.1.43
92 silly currentTree +-- supports-color@2.0.0
92 silly currentTree +-- tar@2.2.1
92 silly currentTree +-- text-table@0.2.0
92 silly currentTree +-- time-grunt@1.3.0
92 silly currentTree +-- tiny-lr-fork@0.0.5
92 silly currentTree | +-- debug@0.7.4
92 silly currentTree | `-- qs@0.5.6
92 silly currentTree +-- tough-cookie@2.2.1
92 silly currentTree +-- transformers@2.1.0
92 silly currentTree | +-- is-promise@1.0.1
92 silly currentTree | +-- promise@2.0.0
92 silly currentTree | +-- source-map@0.1.43
92 silly currentTree | `-- uglify-js@2.2.5
92 silly currentTree +-- tunnel-agent@0.4.2
92 silly currentTree +-- tweetnacl@0.14.0
92 silly currentTree +-- type-is@1.6.11
92 silly currentTree +-- uc.micro@1.0.0
92 silly currentTree +-- uglify-js@2.6.1
92 silly currentTree | `-- source-map@0.5.3
92 silly currentTree +-- uglify-to-browserify@1.0.2
92 silly currentTree +-- underscore.string@2.2.1
92 silly currentTree +-- underscore@1.7.0
92 silly currentTree +-- unpipe@1.0.0
92 silly currentTree +-- util-deprecate@1.0.2
92 silly currentTree +-- utils-merge@1.0.0
92 silly currentTree +-- vary@1.1.0
92 silly currentTree +-- verror@1.3.6
92 silly currentTree +-- void-elements@2.0.1
92 silly currentTree +-- which@1.0.9
92 silly currentTree +-- window-size@0.1.0
92 silly currentTree +-- winston@2.1.1
92 silly currentTree | +-- async@1.0.0
92 silly currentTree | `-- colors@1.0.3
92 silly currentTree +-- with@4.0.3
92 silly currentTree | `-- acorn@1.2.2
92 silly currentTree +-- wordwrap@0.0.3
92 silly currentTree +-- wrappy@1.0.1
92 silly currentTree +-- wrench@1.5.8
92 silly currentTree +-- xtend@4.0.1
92 silly currentTree `-- yargs@3.10.0
93 silly idealTree FixYourStreet@0.0.1
93 silly idealTree +-- abbrev@1.0.7
93 silly idealTree +-- accepts@1.3.1
93 silly idealTree +-- acorn-globals@1.0.9
93 silly idealTree +-- acorn@2.7.0
93 silly idealTree +-- align-text@0.1.4
93 silly idealTree +-- amdefine@1.0.0
93 silly idealTree +-- ansi-regex@2.0.0
93 silly idealTree +-- ansi-styles@2.2.0
93 silly idealTree +-- ansi@0.3.1
93 silly idealTree +-- apidoc-core@0.6.1
93 silly idealTree | `-- lodash@4.5.1
93 silly idealTree +-- apidoc@0.15.1
93 silly idealTree | `-- lodash@4.5.1
93 silly idealTree +-- are-we-there-yet@1.0.6
93 silly idealTree | `-- readable-stream@2.0.5
93 silly idealTree +-- argparse@0.1.16
93 silly idealTree | `-- underscore.string@2.4.0
93 silly idealTree +-- array-differ@1.0.0
93 silly idealTree +-- array-flatten@1.1.1
93 silly idealTree +-- array-index@1.0.0
93 silly idealTree +-- array-union@1.0.1
93 silly idealTree +-- array-uniq@1.0.2
93 silly idealTree +-- arrify@1.0.1
93 silly idealTree +-- asap@1.0.0
93 silly idealTree +-- asn1@0.2.3
93 silly idealTree +-- assert-plus@0.2.0
93 silly idealTree +-- async@0.2.10
93 silly idealTree +-- aws-sign2@0.6.0
93 silly idealTree +-- aws4@1.2.1
93 silly idealTree +-- balanced-match@0.3.0
93 silly idealTree +-- basic-auth@1.0.3
93 silly idealTree +-- bcrypt@0.8.5
93 silly idealTree +-- bindings@1.2.1
93 silly idealTree +-- bl@1.0.3
93 silly idealTree | `-- readable-stream@2.0.5
93 silly idealTree +-- block-stream@0.0.8
93 silly idealTree +-- bluebird@2.9.26
93 silly idealTree +-- body-parser@1.15.0
93 silly idealTree +-- boom@2.10.1
93 silly idealTree +-- brace-expansion@1.1.3
93 silly idealTree +-- bson@0.4.21
93 silly idealTree +-- bytes@2.2.0
93 silly idealTree +-- camelcase@1.2.1
93 silly idealTree +-- caseless@0.11.0
93 silly idealTree +-- center-align@0.1.3
93 silly idealTree +-- chalk@1.1.1
93 silly idealTree +-- character-parser@1.2.1
93 silly idealTree +-- clean-css@3.4.9
93 silly idealTree | `-- commander@2.8.1
93 silly idealTree +-- cli@0.6.6
93 silly idealTree | +-- glob@3.2.11
93 silly idealTree | `-- minimatch@0.3.0
93 silly idealTree +-- cliui@2.1.0
93 silly idealTree | `-- wordwrap@0.0.2
93 silly idealTree +-- coffee-script@1.3.3
93 silly idealTree +-- color-convert@1.0.0
93 silly idealTree +-- colors@0.6.2
93 silly idealTree +-- combined-stream@1.0.5
93 silly idealTree +-- commander@2.6.0
93 silly idealTree +-- compressible@2.0.7
93 silly idealTree +-- compression@1.6.1
93 silly idealTree +-- concat-map@0.0.1
93 silly idealTree +-- console-browserify@1.1.0
93 silly idealTree +-- constantinople@3.0.2
93 silly idealTree +-- content-disposition@0.5.1
93 silly idealTree +-- content-type@1.0.1
93 silly idealTree +-- cookie-parser@1.4.1
93 silly idealTree +-- cookie-signature@1.0.6
93 silly idealTree +-- cookie@0.2.3
93 silly idealTree +-- core-util-is@1.0.2
93 silly idealTree +-- cryptiles@2.0.5
93 silly idealTree +-- css-parse@1.0.4
93 silly idealTree +-- css-stringify@1.0.5
93 silly idealTree +-- css@1.0.8
93 silly idealTree +-- cycle@1.0.3
93 silly idealTree +-- d@0.1.1
93 silly idealTree +-- dashdash@1.13.0
93 silly idealTree | `-- assert-plus@1.0.0
93 silly idealTree +-- date-now@0.1.4
93 silly idealTree +-- date-time@1.0.0
93 silly idealTree +-- dateformat@1.0.2-1.2.3
93 silly idealTree +-- debug@2.2.0
93 silly idealTree +-- decamelize@1.1.2
93 silly idealTree +-- delayed-stream@1.0.0
93 silly idealTree +-- delegates@1.0.0
93 silly idealTree +-- depd@1.1.0
93 silly idealTree +-- destroy@1.0.4
93 silly idealTree +-- dom-serializer@0.1.0
93 silly idealTree | +-- domelementtype@1.1.3
93 silly idealTree | `-- entities@1.1.1
93 silly idealTree +-- domelementtype@1.3.0
93 silly idealTree +-- domhandler@2.3.0
93 silly idealTree +-- domutils@1.5.1
93 silly idealTree +-- ecc-jsbn@0.1.1
93 silly idealTree +-- ee-first@1.1.1
93 silly idealTree +-- entities@1.0.0
93 silly idealTree +-- es5-ext@0.10.11
93 silly idealTree +-- es6-iterator@2.0.0
93 silly idealTree +-- es6-promise@3.0.2
93 silly idealTree +-- es6-symbol@3.0.2
93 silly idealTree +-- escape-html@1.0.3
93 silly idealTree +-- escape-string-regexp@1.0.5
93 silly idealTree +-- esprima@1.0.4
93 silly idealTree +-- etag@1.7.0
93 silly idealTree +-- eventemitter2@0.4.14
93 silly idealTree +-- exit@0.1.2
93 silly idealTree +-- express@4.13.4
93 silly idealTree | +-- accepts@1.2.13
93 silly idealTree | +-- cookie@0.1.5
93 silly idealTree | +-- negotiator@0.5.3
93 silly idealTree | +-- qs@4.0.0
93 silly idealTree | `-- vary@1.0.1
93 silly idealTree +-- extend@3.0.0
93 silly idealTree +-- extsprintf@1.0.2
93 silly idealTree +-- eyes@0.1.8
93 silly idealTree +-- faye-websocket@0.4.4
93 silly idealTree +-- figures@1.4.0
93 silly idealTree +-- finalhandler@0.4.1
93 silly idealTree +-- find-up@1.1.0
93 silly idealTree +-- findup-sync@0.1.3
93 silly idealTree | +-- glob@3.2.11
93 silly idealTree | +-- lodash@2.4.2
93 silly idealTree | `-- minimatch@0.3.0
93 silly idealTree +-- forever-agent@0.6.1
93 silly idealTree +-- form-data@1.0.0-rc3
93 silly idealTree | `-- async@1.5.2
93 silly idealTree +-- forwarded@0.1.0
93 silly idealTree +-- fresh@0.3.0
93 silly idealTree +-- fs-extra@0.26.5
93 silly idealTree | `-- graceful-fs@4.1.3
93 silly idealTree +-- fstream@1.0.8
93 silly idealTree | `-- graceful-fs@4.1.3
93 silly idealTree +-- gauge@1.2.7
93 silly idealTree +-- gaze@0.5.2
93 silly idealTree +-- generate-function@2.0.0
93 silly idealTree +-- generate-object-property@1.2.0
93 silly idealTree +-- getobject@0.1.0
93 silly idealTree +-- glob@6.0.4
93 silly idealTree +-- globule@0.1.0
93 silly idealTree | +-- glob@3.1.21
93 silly idealTree | +-- inherits@1.0.2
93 silly idealTree | +-- lodash@1.0.2
93 silly idealTree | `-- minimatch@0.2.14
93 silly idealTree +-- graceful-fs@1.2.3
93 silly idealTree +-- graceful-readlink@1.0.1
93 silly idealTree +-- grunt-apidoc@0.11.0
93 silly idealTree +-- grunt-contrib-jshint@1.0.0
93 silly idealTree +-- grunt-contrib-stylus@1.0.0
93 silly idealTree | +-- async@1.5.2
93 silly idealTree | `-- lodash@4.5.1
93 silly idealTree +-- grunt-contrib-watch@0.6.1
93 silly idealTree | `-- lodash@2.4.2
93 silly idealTree +-- grunt-develop@0.4.0
93 silly idealTree +-- grunt-legacy-log-utils@0.1.1
93 silly idealTree | +-- lodash@2.4.2
93 silly idealTree | `-- underscore.string@2.3.3
93 silly idealTree +-- grunt-legacy-log@0.1.3
93 silly idealTree | +-- lodash@2.4.2
93 silly idealTree | `-- underscore.string@2.3.3
93 silly idealTree +-- grunt-legacy-util@0.2.0
93 silly idealTree | `-- async@0.1.22
93 silly idealTree +-- grunt@0.4.5
93 silly idealTree | +-- async@0.1.22
93 silly idealTree | +-- glob@3.1.21
93 silly idealTree | +-- iconv-lite@0.2.11
93 silly idealTree | +-- inherits@1.0.2
93 silly idealTree | `-- minimatch@0.2.14
93 silly idealTree +-- har-validator@2.0.6
93 silly idealTree | `-- commander@2.9.0
93 silly idealTree +-- has-ansi@2.0.0
93 silly idealTree +-- has-color@0.1.7
93 silly idealTree +-- has-unicode@2.0.0
93 silly idealTree +-- hawk@3.1.3
93 silly idealTree +-- hoek@2.16.3
93 silly idealTree +-- hooker@0.2.3
93 silly idealTree +-- hooks-fixed@1.1.0
93 silly idealTree +-- htmlparser2@3.8.3
93 silly idealTree | `-- readable-stream@1.1.13
93 silly idealTree +-- http-errors@1.4.0
93 silly idealTree +-- http-signature@1.1.1
93 silly idealTree +-- iconv-lite@0.4.13
93 silly idealTree +-- inflight@1.0.4
93 silly idealTree +-- inherits@2.0.1
93 silly idealTree +-- ipaddr.js@1.0.5
93 silly idealTree +-- is-buffer@1.1.2
93 silly idealTree +-- is-finite@1.0.1
93 silly idealTree +-- is-my-json-valid@2.13.0
93 silly idealTree +-- is-promise@2.1.0
93 silly idealTree +-- is-property@1.0.2
93 silly idealTree +-- is-typedarray@1.0.0
93 silly idealTree +-- isarray@0.0.1
93 silly idealTree +-- isstream@0.1.2
93 silly idealTree +-- jade@1.11.0
93 silly idealTree +-- jodid25519@1.0.2
93 silly idealTree +-- js-yaml@2.0.5
93 silly idealTree +-- jsbn@0.1.0
93 silly idealTree +-- jshint@2.9.1
93 silly idealTree | +-- lodash@3.7.0
93 silly idealTree | `-- minimatch@2.0.10
93 silly idealTree +-- json-schema@0.2.2
93 silly idealTree +-- json-stringify-safe@5.0.1
93 silly idealTree +-- jsonfile@2.2.3
93 silly idealTree +-- jsonpointer@2.0.0
93 silly idealTree +-- jsprim@1.2.2
93 silly idealTree +-- jstransformer@0.0.2
93 silly idealTree +-- kareem@1.0.1
93 silly idealTree +-- kind-of@3.0.2
93 silly idealTree +-- klaw@1.1.3
93 silly idealTree +-- lazy-cache@1.0.3
93 silly idealTree +-- linkify-it@1.2.0
93 silly idealTree +-- load-grunt-tasks@3.4.0
93 silly idealTree +-- lodash._baseeach@4.1.0
93 silly idealTree +-- lodash.foreach@4.1.0
93 silly idealTree +-- lodash.get@4.1.2
93 silly idealTree +-- lodash.pad@4.1.0
93 silly idealTree +-- lodash.padend@4.2.0
93 silly idealTree +-- lodash.padstart@4.2.0
93 silly idealTree +-- lodash.repeat@4.0.0
93 silly idealTree +-- lodash.tostring@4.1.1
93 silly idealTree +-- lodash@0.9.2
93 silly idealTree +-- longest@1.0.1
93 silly idealTree +-- lru-cache@2.7.3
93 silly idealTree +-- markdown-it@6.0.0
93 silly idealTree | +-- argparse@1.0.6
93 silly idealTree | `-- entities@1.1.1
93 silly idealTree +-- mdurl@1.0.1
93 silly idealTree +-- media-typer@0.3.0
93 silly idealTree +-- merge-descriptors@1.0.1
93 silly idealTree +-- method-override@2.3.5
93 silly idealTree | `-- vary@1.0.1
93 silly idealTree +-- methods@1.1.2
93 silly idealTree +-- mime-db@1.22.0
93 silly idealTree +-- mime-types@2.1.10
93 silly idealTree +-- mime@1.3.4
93 silly idealTree +-- minimatch@3.0.0
93 silly idealTree +-- minimist@0.0.8
93 silly idealTree +-- mkdirp@0.5.1
93 silly idealTree +-- mongodb-core@1.3.1
93 silly idealTree +-- mongodb@2.1.6
93 silly idealTree +-- mongoose-unique-validator@1.0.1
93 silly idealTree +-- mongoose@4.4.4
93 silly idealTree | `-- async@1.5.2
93 silly idealTree +-- morgan@1.7.0
93 silly idealTree +-- mpath@0.2.1
93 silly idealTree +-- mpromise@0.5.5
93 silly idealTree +-- mquery@1.6.3
93 silly idealTree | `-- sliced@0.0.5
93 silly idealTree +-- ms@0.7.1
93 silly idealTree +-- multimatch@2.1.0
93 silly idealTree +-- muri@1.1.0
93 silly idealTree +-- nan@2.0.5
93 silly idealTree +-- negotiator@0.6.0
93 silly idealTree +-- nib@1.1.0
93 silly idealTree | +-- css-parse@1.7.0
93 silly idealTree | +-- glob@3.2.11
93 silly idealTree | +-- minimatch@0.3.0
93 silly idealTree | +-- mkdirp@0.3.5
93 silly idealTree | +-- source-map@0.1.43
93 silly idealTree | `-- stylus@0.49.3
93 silly idealTree +-- node-gyp@3.3.0
93 silly idealTree | +-- glob@4.5.3
93 silly idealTree | | `-- minimatch@2.0.10
93 silly idealTree | +-- graceful-fs@4.1.3
93 silly idealTree | +-- minimatch@1.0.0
93 silly idealTree | `-- nopt@3.0.6
93 silly idealTree +-- node-uuid@1.4.7
93 silly idealTree +-- nomnom@1.8.1
93 silly idealTree | +-- ansi-styles@1.0.0
93 silly idealTree | +-- chalk@0.4.0
93 silly idealTree | +-- strip-ansi@0.1.1
93 silly idealTree | `-- underscore@1.6.0
93 silly idealTree +-- nopt@1.0.10
93 silly idealTree +-- noptify@0.0.3
93 silly idealTree | `-- nopt@2.0.0
93 silly idealTree +-- npmlog@2.0.2
93 silly idealTree +-- number-is-nan@1.0.0
93 silly idealTree +-- oauth-sign@0.8.1
93 silly idealTree +-- on-finished@2.3.0
93 silly idealTree +-- on-headers@1.0.1
93 silly idealTree +-- once@1.3.3
93 silly idealTree +-- optimist@0.3.7
93 silly idealTree +-- os-homedir@1.0.1
93 silly idealTree +-- os-tmpdir@1.0.1
93 silly idealTree +-- osenv@0.1.3
93 silly idealTree +-- parse-ms@1.0.1
93 silly idealTree +-- parseurl@1.3.1
93 silly idealTree +-- path-array@1.0.1
93 silly idealTree +-- path-exists@2.1.0
93 silly idealTree +-- path-is-absolute@1.0.0
93 silly idealTree +-- path-to-regexp@0.1.7
93 silly idealTree +-- pinkie-promise@2.0.0
93 silly idealTree +-- pinkie@2.0.4
93 silly idealTree +-- pkg-up@1.0.0
93 silly idealTree +-- pkginfo@0.3.1
93 silly idealTree +-- plur@1.0.0
93 silly idealTree +-- pretty-ms@2.1.0
93 silly idealTree +-- process-nextick-args@1.0.6
93 silly idealTree +-- promise@6.1.0
93 silly idealTree +-- proxy-addr@1.0.10
93 silly idealTree +-- qs@6.1.0
93 silly idealTree +-- range-parser@1.0.3
93 silly idealTree +-- raw-body@2.1.5
93 silly idealTree +-- readable-stream@1.0.31
93 silly idealTree +-- regexp-clone@0.0.1
93 silly idealTree +-- repeat-string@1.5.2
93 silly idealTree +-- request@2.69.0
93 silly idealTree | `-- qs@6.0.2
93 silly idealTree +-- require_optional@1.0.0
93 silly idealTree +-- resolve-from@2.0.0
93 silly idealTree +-- resolve-pkg@0.1.0
93 silly idealTree +-- right-align@0.1.3
93 silly idealTree +-- rimraf@2.2.8
93 silly idealTree +-- sax@0.5.8
93 silly idealTree +-- semver@5.1.0
93 silly idealTree +-- send@0.13.1
93 silly idealTree | `-- http-errors@1.3.1
93 silly idealTree +-- serve-favicon@2.3.0
93 silly idealTree +-- serve-static@1.10.2
93 silly idealTree +-- shelljs@0.3.0
93 silly idealTree +-- sigmund@1.0.1
93 silly idealTree +-- sliced@1.0.1
93 silly idealTree +-- sntp@1.0.9
93 silly idealTree +-- source-map@0.4.4
93 silly idealTree +-- sprintf-js@1.0.3
93 silly idealTree +-- sshpk@1.7.4
93 silly idealTree +-- stack-trace@0.0.9
93 silly idealTree +-- statuses@1.2.1
93 silly idealTree +-- string_decoder@0.10.31
93 silly idealTree +-- stringstream@0.0.5
93 silly idealTree +-- strip-ansi@3.0.1
93 silly idealTree +-- strip-json-comments@1.0.4
93 silly idealTree +-- stylus@0.53.0
93 silly idealTree | +-- css-parse@1.7.0
93 silly idealTree | +-- glob@3.2.11
93 silly idealTree | +-- minimatch@0.3.0
93 silly idealTree | `-- source-map@0.1.43
93 silly idealTree +-- supports-color@2.0.0
93 silly idealTree +-- tar@2.2.1
93 silly idealTree +-- text-table@0.2.0
93 silly idealTree +-- time-grunt@1.3.0
93 silly idealTree +-- tiny-lr-fork@0.0.5
93 silly idealTree | +-- debug@0.7.4
93 silly idealTree | `-- qs@0.5.6
93 silly idealTree +-- tough-cookie@2.2.1
93 silly idealTree +-- transformers@2.1.0
93 silly idealTree | +-- is-promise@1.0.1
93 silly idealTree | +-- promise@2.0.0
93 silly idealTree | +-- source-map@0.1.43
93 silly idealTree | `-- uglify-js@2.2.5
93 silly idealTree +-- tunnel-agent@0.4.2
93 silly idealTree +-- tweetnacl@0.14.0
93 silly idealTree +-- type-is@1.6.11
93 silly idealTree +-- uc.micro@1.0.0
93 silly idealTree +-- uglify-js@2.6.1
93 silly idealTree | `-- source-map@0.5.3
93 silly idealTree +-- uglify-to-browserify@1.0.2
93 silly idealTree +-- underscore.string@2.2.1
93 silly idealTree +-- underscore@1.7.0
93 silly idealTree +-- unpipe@1.0.0
93 silly idealTree +-- util-deprecate@1.0.2
93 silly idealTree +-- utils-merge@1.0.0
93 silly idealTree +-- vary@1.1.0
93 silly idealTree +-- verror@1.3.6
93 silly idealTree +-- void-elements@2.0.1
93 silly idealTree +-- which@1.0.9
93 silly idealTree +-- window-size@0.1.0
93 silly idealTree +-- winston@2.1.1
93 silly idealTree | +-- async@1.0.0
93 silly idealTree | `-- colors@1.0.3
93 silly idealTree +-- with@4.0.3
93 silly idealTree | `-- acorn@1.2.2
93 silly idealTree +-- wordwrap@0.0.3
93 silly idealTree +-- wrappy@1.0.1
93 silly idealTree +-- wrench@1.5.8
93 silly idealTree +-- xtend@4.0.1
93 silly idealTree `-- yargs@3.10.0
94 silly generateActionsToTake Starting
95 silly install generateActionsToTake
96 silly generateActionsToTake Finishing
97 silly diffTrees action count 5
98 silly diffTrees update bindings@1.2.1
99 silly diffTrees add nan@2.0.5
100 silly diffTrees add bcrypt@0.8.5
101 silly diffTrees update mongoose-unique-validator@1.0.1
102 silly diffTrees update node-gyp@3.3.0
103 silly decomposeActions action count 40
104 silly decomposeActions fetch bindings@1.2.1
105 silly decomposeActions extract bindings@1.2.1
106 silly decomposeActions test bindings@1.2.1
107 silly decomposeActions preinstall bindings@1.2.1
108 silly decomposeActions build bindings@1.2.1
109 silly decomposeActions install bindings@1.2.1
110 silly decomposeActions postinstall bindings@1.2.1
111 silly decomposeActions finalize bindings@1.2.1
112 silly decomposeActions fetch nan@2.0.5
113 silly decomposeActions extract nan@2.0.5
114 silly decomposeActions test nan@2.0.5
115 silly decomposeActions preinstall nan@2.0.5
116 silly decomposeActions build nan@2.0.5
117 silly decomposeActions install nan@2.0.5
118 silly decomposeActions postinstall nan@2.0.5
119 silly decomposeActions finalize nan@2.0.5
120 silly decomposeActions fetch bcrypt@0.8.5
121 silly decomposeActions extract bcrypt@0.8.5
122 silly decomposeActions test bcrypt@0.8.5
123 silly decomposeActions preinstall bcrypt@0.8.5
124 silly decomposeActions build bcrypt@0.8.5
125 silly decomposeActions install bcrypt@0.8.5
126 silly decomposeActions postinstall bcrypt@0.8.5
127 silly decomposeActions finalize bcrypt@0.8.5
128 silly decomposeActions fetch mongoose-unique-validator@1.0.1
129 silly decomposeActions extract mongoose-unique-validator@1.0.1
130 silly decomposeActions test mongoose-unique-validator@1.0.1
131 silly decomposeActions preinstall mongoose-unique-validator@1.0.1
132 silly decomposeActions build mongoose-unique-validator@1.0.1
133 silly decomposeActions install mongoose-unique-validator@1.0.1
134 silly decomposeActions postinstall mongoose-unique-validator@1.0.1
135 silly decomposeActions finalize mongoose-unique-validator@1.0.1
136 silly decomposeActions fetch node-gyp@3.3.0
137 silly decomposeActions extract node-gyp@3.3.0
138 silly decomposeActions test node-gyp@3.3.0
139 silly decomposeActions preinstall node-gyp@3.3.0
140 silly decomposeActions build node-gyp@3.3.0
141 silly decomposeActions install node-gyp@3.3.0
142 silly decomposeActions postinstall node-gyp@3.3.0
143 silly decomposeActions finalize node-gyp@3.3.0
144 silly executeActions Starting
145 silly install executeActions
146 silly doSerial global-install 0
147 silly doParallel fetch 5
148 verbose correctMkdir C:\Users\loic\AppData\Roaming\npm-cache\_locks correctMkdir not in flight; initializing
149 verbose lock using C:\Users\loic\AppData\Roaming\npm-cache\_locks\staging-cd419f29714a6e48.lock for D:\Nas\5. HEIG-VD\3e annee\WebServ\FixYourStreet\node_modules\.staging
150 silly doParallel extract 5
151 silly extract bindings@1.2.1
152 silly extract nan@2.0.5
153 silly extract bcrypt@0.8.5
154 silly extract mongoose-unique-validator@1.0.1
155 silly extract node-gyp@3.3.0
156 verbose unbuild node_modules\.staging\bindings-4c6aa58a
157 verbose unbuild node_modules\.staging\nan-9778a41d
158 verbose unbuild node_modules\.staging\mongoose-unique-validator-202a151e
159 verbose unbuild node_modules\.staging\bcrypt-ea935382
160 verbose unbuild node_modules\.staging\node-gyp-9d009d35
161 silly gentlyRm D:\Nas\5. HEIG-VD\3e annee\WebServ\FixYourStreet\node_modules\.staging\bindings-4c6aa58a is being purged from base D:\Nas\5. HEIG-VD\3e annee\WebServ\FixYourStreet
162 verbose gentlyRm don't care about contents; nuking D:\Nas\5. HEIG-VD\3e annee\WebServ\FixYourStreet\node_modules\.staging\bindings-4c6aa58a
163 silly gentlyRm D:\Nas\5. HEIG-VD\3e annee\WebServ\FixYourStreet\node_modules\.staging\nan-9778a41d is being purged from base D:\Nas\5. HEIG-VD\3e annee\WebServ\FixYourStreet
164 verbose gentlyRm don't care about contents; nuking D:\Nas\5. HEIG-VD\3e annee\WebServ\FixYourStreet\node_modules\.staging\nan-9778a41d
165 silly gentlyRm D:\Nas\5. HEIG-VD\3e annee\WebServ\FixYourStreet\node_modules\.staging\bcrypt-ea935382 is being purged from base D:\Nas\5. HEIG-VD\3e annee\WebServ\FixYourStreet
166 verbose gentlyRm don't care about contents; nuking D:\Nas\5. HEIG-VD\3e annee\WebServ\FixYourStreet\node_modules\.staging\bcrypt-ea935382
167 silly gentlyRm D:\Nas\5. HEIG-VD\3e annee\WebServ\FixYourStreet\node_modules\.staging\mongoose-unique-validator-202a151e is being purged from base D:\Nas\5. HEIG-VD\3e annee\WebServ\FixYourStreet
168 verbose gentlyRm don't care about contents; nuking D:\Nas\5. HEIG-VD\3e annee\WebServ\FixYourStreet\node_modules\.staging\mongoose-unique-validator-202a151e
169 verbose tar unpack C:\Users\loic\AppData\Roaming\npm-cache\bindings\1.2.1\package.tgz
170 verbose tar unpacking to D:\Nas\5. HEIG-VD\3e annee\WebServ\FixYourStreet\node_modules\.staging\bindings-4c6aa58a
171 silly gentlyRm D:\Nas\5. HEIG-VD\3e annee\WebServ\FixYourStreet\node_modules\.staging\bindings-4c6aa58a is being purged
172 verbose gentlyRm don't care about contents; nuking D:\Nas\5. HEIG-VD\3e annee\WebServ\FixYourStreet\node_modules\.staging\bindings-4c6aa58a
173 verbose tar unpack C:\Users\loic\AppData\Roaming\npm-cache\nan\2.0.5\package.tgz
174 verbose tar unpacking to D:\Nas\5. HEIG-VD\3e annee\WebServ\FixYourStreet\node_modules\.staging\nan-9778a41d
175 silly gentlyRm D:\Nas\5. HEIG-VD\3e annee\WebServ\FixYourStreet\node_modules\.staging\nan-9778a41d is being purged
176 verbose gentlyRm don't care about contents; nuking D:\Nas\5. HEIG-VD\3e annee\WebServ\FixYourStreet\node_modules\.staging\nan-9778a41d
177 silly gentlyRm D:\Nas\5. HEIG-VD\3e annee\WebServ\FixYourStreet\node_modules\.staging\node-gyp-9d009d35 is being purged from base D:\Nas\5. HEIG-VD\3e annee\WebServ\FixYourStreet
178 verbose gentlyRm don't care about contents; nuking D:\Nas\5. HEIG-VD\3e annee\WebServ\FixYourStreet\node_modules\.staging\node-gyp-9d009d35
179 verbose tar unpack C:\Users\loic\AppData\Roaming\npm-cache\bcrypt\0.8.5\package.tgz
180 verbose tar unpacking to D:\Nas\5. HEIG-VD\3e annee\WebServ\FixYourStreet\node_modules\.staging\bcrypt-ea935382
181 silly gentlyRm D:\Nas\5. HEIG-VD\3e annee\WebServ\FixYourStreet\node_modules\.staging\bcrypt-ea935382 is being purged
182 verbose gentlyRm don't care about contents; nuking D:\Nas\5. HEIG-VD\3e annee\WebServ\FixYourStreet\node_modules\.staging\bcrypt-ea935382
183 verbose tar unpack C:\Users\loic\AppData\Roaming\npm-cache\mongoose-unique-validator\1.0.1\package.tgz
184 verbose tar unpacking to D:\Nas\5. HEIG-VD\3e annee\WebServ\FixYourStreet\node_modules\.staging\mongoose-unique-validator-202a151e
185 silly gentlyRm D:\Nas\5. HEIG-VD\3e annee\WebServ\FixYourStreet\node_modules\.staging\mongoose-unique-validator-202a151e is being purged
186 verbose gentlyRm don't care about contents; nuking D:\Nas\5. HEIG-VD\3e annee\WebServ\FixYourStreet\node_modules\.staging\mongoose-unique-validator-202a151e
187 silly gunzTarPerm modes [ '777', '666' ]
188 silly gunzTarPerm modes [ '777', '666' ]
189 verbose tar unpack C:\Users\loic\AppData\Roaming\npm-cache\node-gyp\3.3.0\package.tgz
190 verbose tar unpacking to D:\Nas\5. HEIG-VD\3e annee\WebServ\FixYourStreet\node_modules\.staging\node-gyp-9d009d35
191 silly gentlyRm D:\Nas\5. HEIG-VD\3e annee\WebServ\FixYourStreet\node_modules\.staging\node-gyp-9d009d35 is being purged
192 verbose gentlyRm don't care about contents; nuking D:\Nas\5. HEIG-VD\3e annee\WebServ\FixYourStreet\node_modules\.staging\node-gyp-9d009d35
193 silly gunzTarPerm modes [ '777', '666' ]
194 silly gunzTarPerm modes [ '777', '666' ]
195 silly gunzTarPerm modes [ '777', '666' ]
196 silly gunzTarPerm extractEntry package.json
197 silly gunzTarPerm modified mode [ 'package.json', 420, 438 ]
198 silly gunzTarPerm extractEntry package.json
199 silly gunzTarPerm modified mode [ 'package.json', 436, 438 ]
200 silly gunzTarPerm extractEntry package.json
201 silly gunzTarPerm modified mode [ 'package.json', 420, 438 ]
202 silly gunzTarPerm extractEntry package.json
203 silly gunzTarPerm modified mode [ 'package.json', 420, 438 ]
204 silly gunzTarPerm extractEntry package.json
205 silly gunzTarPerm modified mode [ 'package.json', 436, 438 ]
206 silly gunzTarPerm extractEntry README.md
207 silly gunzTarPerm modified mode [ 'README.md', 420, 438 ]
208 silly gunzTarPerm extractEntry bindings.js
209 silly gunzTarPerm modified mode [ 'bindings.js', 420, 438 ]
210 silly gunzTarPerm extractEntry README.md
211 silly gunzTarPerm modified mode [ 'README.md', 436, 438 ]
212 silly gunzTarPerm extractEntry include_dirs.js
213 silly gunzTarPerm modified mode [ 'include_dirs.js', 436, 438 ]
214 silly gunzTarPerm extractEntry .npmignore
215 silly gunzTarPerm modified mode [ '.npmignore', 420, 438 ]
216 silly gunzTarPerm extractEntry README.md
217 silly gunzTarPerm modified mode [ 'README.md', 420, 438 ]
218 silly gunzTarPerm extractEntry .npmignore
219 silly gunzTarPerm modified mode [ '.npmignore', 420, 438 ]
220 silly gunzTarPerm extractEntry README.md
221 silly gunzTarPerm modified mode [ 'README.md', 420, 438 ]
222 silly gunzTarPerm extractEntry .npmignore
223 silly gunzTarPerm modified mode [ '.npmignore', 420, 438 ]
224 silly gunzTarPerm extractEntry README.md
225 silly gunzTarPerm modified mode [ 'README.md', 420, 438 ]
226 silly gunzTarPerm extractEntry nan_converters.h
227 silly gunzTarPerm modified mode [ 'nan_converters.h', 436, 438 ]
228 silly gunzTarPerm extractEntry LICENSE.md
229 silly gunzTarPerm modified mode [ 'LICENSE.md', 436, 438 ]
230 silly gunzTarPerm extractEntry .dntrc
231 silly gunzTarPerm modified mode [ '.dntrc', 436, 438 ]
232 silly gunzTarPerm extractEntry LICENSE
233 silly gunzTarPerm modified mode [ 'LICENSE', 420, 438 ]
234 silly gunzTarPerm extractEntry 0002-gyp-apply-https-codereview.chromium.org-11361103.patch
235 silly gunzTarPerm modified mode [ '0002-gyp-apply-https-codereview.chromium.org-11361103.patch',
235 silly gunzTarPerm   436,
235 silly gunzTarPerm   438 ]
236 silly gunzTarPerm extractEntry appveyor.yml
237 silly gunzTarPerm modified mode [ 'appveyor.yml', 436, 438 ]
238 silly gunzTarPerm extractEntry LICENSE
239 silly gunzTarPerm modified mode [ 'LICENSE', 420, 438 ]
240 silly gunzTarPerm extractEntry bcrypt.js
241 silly gunzTarPerm modified mode [ 'bcrypt.js', 420, 438 ]
242 silly gunzTarPerm extractEntry index.js
243 silly gunzTarPerm modified mode [ 'index.js', 420, 438 ]
244 silly gunzTarPerm extractEntry CONTRIBUTING.md
245 silly gunzTarPerm modified mode [ 'CONTRIBUTING.md', 420, 438 ]
246 silly gunzTarPerm extractEntry 0003-gyp-don-t-use-links-at-all-just-copy-the-files-inste.patch
247 silly gunzTarPerm modified mode [ '0003-gyp-don-t-use-links-at-all-just-copy-the-files-inste.patch',
247 silly gunzTarPerm   436,
247 silly gunzTarPerm   438 ]
248 silly gunzTarPerm extractEntry CHANGELOG.md
249 silly gunzTarPerm modified mode [ 'CHANGELOG.md', 420, 438 ]
250 silly gunzTarPerm extractEntry .eslintrc
251 silly gunzTarPerm modified mode [ '.eslintrc', 420, 438 ]
252 silly gunzTarPerm extractEntry doc/new.md
253 silly gunzTarPerm modified mode [ 'doc/new.md', 436, 438 ]
254 silly gunzTarPerm extractEntry doc/.build.sh
255 silly gunzTarPerm modified mode [ 'doc/.build.sh', 509, 511 ]
256 silly gunzTarPerm extractEntry binding.gyp
257 silly gunzTarPerm modified mode [ 'binding.gyp', 420, 438 ]
258 silly gunzTarPerm extractEntry doc/buffers.md
259 silly gunzTarPerm modified mode [ 'doc/buffers.md', 436, 438 ]
260 silly gunzTarPerm extractEntry doc/callback.md
261 silly gunzTarPerm modified mode [ 'doc/callback.md', 436, 438 ]
262 silly gunzTarPerm extractEntry .editorconfig
263 silly gunzTarPerm modified mode [ '.editorconfig', 420, 438 ]
264 silly gunzTarPerm extractEntry CHANGELOG.md
265 silly gunzTarPerm modified mode [ 'CHANGELOG.md', 420, 438 ]
266 silly gunzTarPerm extractEntry History.md
267 silly gunzTarPerm modified mode [ 'History.md', 420, 438 ]
268 silly gunzTarPerm extractEntry .travis.yml
269 silly gunzTarPerm modified mode [ '.travis.yml', 420, 438 ]
270 silly gunzTarPerm extractEntry CHANGELOG.md
271 silly gunzTarPerm modified mode [ 'CHANGELOG.md', 420, 438 ]
272 silly gunzTarPerm extractEntry doc/converters.md
273 silly gunzTarPerm modified mode [ 'doc/converters.md', 436, 438 ]
274 silly gunzTarPerm extractEntry doc/errors.md
275 silly gunzTarPerm modified mode [ 'doc/errors.md', 436, 438 ]
276 silly gunzTarPerm extractEntry .travis.yml
277 silly gunzTarPerm modified mode [ '.travis.yml', 420, 438 ]
278 silly gunzTarPerm extractEntry test/helpers.js
279 silly gunzTarPerm modified mode [ 'test/helpers.js', 420, 438 ]
280 silly gunzTarPerm extractEntry examples/async_compare.js
281 silly gunzTarPerm modified mode [ 'examples/async_compare.js', 420, 438 ]
282 silly gunzTarPerm extractEntry examples/forever_gen_salt.js
283 silly gunzTarPerm modified mode [ 'examples/forever_gen_salt.js', 420, 438 ]
284 silly gentlyRm D:\Nas\5. HEIG-VD\3e annee\WebServ\FixYourStreet\node_modules\.staging\bindings-4c6aa58a\node_modules is being purged
285 verbose gentlyRm don't care about contents; nuking D:\Nas\5. HEIG-VD\3e annee\WebServ\FixYourStreet\node_modules\.staging\bindings-4c6aa58a\node_modules
286 silly gunzTarPerm extractEntry doc/maybe_types.md
287 silly gunzTarPerm modified mode [ 'doc/maybe_types.md', 436, 438 ]
288 silly gunzTarPerm extractEntry doc/methods.md
289 silly gunzTarPerm modified mode [ 'doc/methods.md', 436, 438 ]
290 silly gunzTarPerm extractEntry test/index.spec.js
291 silly gunzTarPerm modified mode [ 'test/index.spec.js', 420, 438 ]
292 silly gunzTarPerm extractEntry test/tests/messages.spec.js
293 silly gunzTarPerm modified mode [ 'test/tests/messages.spec.js', 420, 438 ]
294 silly gunzTarPerm extractEntry test/async.js
295 silly gunzTarPerm modified mode [ 'test/async.js', 420, 438 ]
296 silly gunzTarPerm extractEntry test/repetitions.js
297 silly gunzTarPerm modified mode [ 'test/repetitions.js', 420, 438 ]
298 silly gunzTarPerm extractEntry .jshintrc
299 silly gunzTarPerm modified mode [ '.jshintrc', 420, 438 ]
300 silly gunzTarPerm extractEntry addon.gypi
301 silly gunzTarPerm modified mode [ 'addon.gypi', 420, 438 ]
302 silly gunzTarPerm extractEntry test/tests/validation.spec.js
303 silly gunzTarPerm modified mode [ 'test/tests/validation.spec.js', 420, 438 ]
304 silly gunzTarPerm extractEntry test/sync.js
305 silly gunzTarPerm modified mode [ 'test/sync.js', 420, 438 ]
306 silly gunzTarPerm extractEntry Makefile
307 silly gunzTarPerm modified mode [ 'Makefile', 420, 438 ]
308 silly gunzTarPerm extractEntry doc/asyncworker.md
309 silly gunzTarPerm modified mode [ 'doc/asyncworker.md', 436, 438 ]
310 silly gunzTarPerm extractEntry doc/node_misc.md
311 silly gunzTarPerm modified mode [ 'doc/node_misc.md', 436, 438 ]
312 silly gunzTarPerm extractEntry bin/node-gyp.js
313 silly gunzTarPerm modified mode [ 'bin/node-gyp.js', 493, 511 ]
314 silly gunzTarPerm extractEntry gyp/.npmignore
315 silly gunzTarPerm modified mode [ 'gyp/.npmignore', 420, 438 ]
316 silly gunzTarPerm extractEntry src/bcrypt.cc
317 silly gunzTarPerm modified mode [ 'src/bcrypt.cc', 420, 438 ]
318 silly gunzTarPerm extractEntry src/bcrypt_node.cc
319 silly gunzTarPerm modified mode [ 'src/bcrypt_node.cc', 420, 438 ]
320 silly gunzTarPerm extractEntry doc/persistent.md
321 silly gunzTarPerm modified mode [ 'doc/persistent.md', 436, 438 ]
322 silly gunzTarPerm extractEntry doc/scopes.md
323 silly gunzTarPerm modified mode [ 'doc/scopes.md', 436, 438 ]
324 silly gunzTarPerm extractEntry gyp/LICENSE
325 silly gunzTarPerm modified mode [ 'gyp/LICENSE', 420, 438 ]
326 silly gunzTarPerm extractEntry gyp/DEPS
327 silly gunzTarPerm modified mode [ 'gyp/DEPS', 420, 438 ]
328 silly gunzTarPerm extractEntry doc/script.md
329 silly gunzTarPerm modified mode [ 'doc/script.md', 436, 438 ]
330 silly gunzTarPerm extractEntry doc/string_bytes.md
331 silly gunzTarPerm modified mode [ 'doc/string_bytes.md', 436, 438 ]
332 silly gunzTarPerm extractEntry src/blowfish.cc
333 silly gunzTarPerm modified mode [ 'src/blowfish.cc', 420, 438 ]
334 silly gunzTarPerm extractEntry src/node_blf.h
335 silly gunzTarPerm modified mode [ 'src/node_blf.h', 420, 438 ]
336 silly gunzTarPerm extractEntry gyp/tools/README
337 silly gunzTarPerm modified mode [ 'gyp/tools/README', 420, 438 ]
338 silly gunzTarPerm extractEntry gyp/tools/Xcode/README
339 silly gunzTarPerm modified mode [ 'gyp/tools/Xcode/README', 420, 438 ]
340 silly gunzTarPerm extractEntry doc/v8_internals.md
341 silly gunzTarPerm modified mode [ 'doc/v8_internals.md', 436, 438 ]
342 silly gunzTarPerm extractEntry doc/v8_misc.md
343 silly gunzTarPerm modified mode [ 'doc/v8_misc.md', 436, 438 ]
344 silly gunzTarPerm extractEntry gyp/tools/Xcode/Specifications/gyp.pbfilespec
345 silly gunzTarPerm modified mode [ 'gyp/tools/Xcode/Specifications/gyp.pbfilespec', 420, 438 ]
346 silly gunzTarPerm extractEntry gyp/tools/Xcode/Specifications/gyp.xclangspec
347 silly gunzTarPerm modified mode [ 'gyp/tools/Xcode/Specifications/gyp.xclangspec', 420, 438 ]
348 silly gunzTarPerm extractEntry werker.yml
349 silly gunzTarPerm modified mode [ 'werker.yml', 420, 438 ]
350 silly gunzTarPerm extractEntry nan.h
351 silly gunzTarPerm modified mode [ 'nan.h', 436, 438 ]
352 silly gunzTarPerm extractEntry nan_callbacks.h
353 silly gunzTarPerm modified mode [ 'nan_callbacks.h', 436, 438 ]
354 silly gunzTarPerm extractEntry nan_callbacks_12_inl.h
355 silly gunzTarPerm modified mode [ 'nan_callbacks_12_inl.h', 436, 438 ]
356 silly gunzTarPerm extractEntry nan_callbacks_pre_12_inl.h
357 silly gunzTarPerm modified mode [ 'nan_callbacks_pre_12_inl.h', 436, 438 ]
358 silly gunzTarPerm extractEntry nan_converters_43_inl.h
359 silly gunzTarPerm modified mode [ 'nan_converters_43_inl.h', 436, 438 ]
360 silly gunzTarPerm extractEntry nan_converters_pre_43_inl.h
361 silly gunzTarPerm modified mode [ 'nan_converters_pre_43_inl.h', 436, 438 ]
362 silly gunzTarPerm extractEntry nan_implementation_12_inl.h
363 silly gunzTarPerm modified mode [ 'nan_implementation_12_inl.h', 436, 438 ]
364 silly gunzTarPerm extractEntry nan_implementation_pre_12_inl.h
365 silly gunzTarPerm modified mode [ 'nan_implementation_pre_12_inl.h', 436, 438 ]
366 silly gunzTarPerm extractEntry nan_maybe_43_inl.h
367 silly gunzTarPerm modified mode [ 'nan_maybe_43_inl.h', 436, 438 ]
368 silly gunzTarPerm extractEntry nan_maybe_pre_43_inl.h
369 silly gunzTarPerm modified mode [ 'nan_maybe_pre_43_inl.h', 436, 438 ]
370 silly gunzTarPerm extractEntry nan_new.h
371 silly gunzTarPerm modified mode [ 'nan_new.h', 436, 438 ]
372 silly gunzTarPerm extractEntry nan_object_wrap.h
373 silly gunzTarPerm modified mode [ 'nan_object_wrap.h', 436, 438 ]
374 silly gunzTarPerm extractEntry nan_persistent_12_inl.h
375 silly gunzTarPerm modified mode [ 'nan_persistent_12_inl.h', 436, 438 ]
376 silly gunzTarPerm extractEntry nan_persistent_pre_12_inl.h
377 silly gunzTarPerm modified mode [ 'nan_persistent_pre_12_inl.h', 436, 438 ]
378 silly gunzTarPerm extractEntry nan_string_bytes.h
379 silly gunzTarPerm modified mode [ 'nan_string_bytes.h', 436, 438 ]
380 silly gunzTarPerm extractEntry nan_weak.h
381 silly gunzTarPerm modified mode [ 'nan_weak.h', 436, 438 ]
382 silly gunzTarPerm extractEntry CHANGELOG.md
383 silly gunzTarPerm modified mode [ 'CHANGELOG.md', 436, 438 ]
384 silly gunzTarPerm extractEntry tools/package.json
385 silly gunzTarPerm modified mode [ 'tools/package.json', 436, 438 ]
386 silly gunzTarPerm extractEntry tools/README.md
387 silly gunzTarPerm modified mode [ 'tools/README.md', 436, 438 ]
388 silly gunzTarPerm extractEntry tools/1to2.js
389 silly gunzTarPerm modified mode [ 'tools/1to2.js', 509, 511 ]
390 silly gunzTarPerm extractEntry gyp/tools/emacs/README
391 silly gunzTarPerm modified mode [ 'gyp/tools/emacs/README', 420, 438 ]
392 silly gunzTarPerm extractEntry gyp/tools/emacs/gyp-tests.el
393 silly gunzTarPerm modified mode [ 'gyp/tools/emacs/gyp-tests.el', 420, 438 ]
394 silly gunzTarPerm extractEntry gyp/tools/emacs/gyp.el
395 silly gunzTarPerm modified mode [ 'gyp/tools/emacs/gyp.el', 436, 438 ]
396 silly gunzTarPerm extractEntry gyp/tools/emacs/run-unit-tests.sh
397 silly gunzTarPerm modified mode [ 'gyp/tools/emacs/run-unit-tests.sh', 493, 511 ]
398 silly gunzTarPerm extractEntry gyp/tools/emacs/testdata/media.gyp
399 silly gunzTarPerm modified mode [ 'gyp/tools/emacs/testdata/media.gyp', 420, 438 ]
400 silly gunzTarPerm extractEntry gyp/tools/emacs/testdata/media.gyp.fontified
401 silly gunzTarPerm modified mode [ 'gyp/tools/emacs/testdata/media.gyp.fontified', 420, 438 ]
402 silly gunzTarPerm extractEntry gyp/tools/graphviz.py
403 silly gunzTarPerm modified mode [ 'gyp/tools/graphviz.py', 493, 511 ]
404 silly gunzTarPerm extractEntry gyp/tools/pretty_gyp.py
405 silly gunzTarPerm modified mode [ 'gyp/tools/pretty_gyp.py', 493, 511 ]
406 silly gunzTarPerm extractEntry gyp/tools/pretty_sln.py
407 silly gunzTarPerm modified mode [ 'gyp/tools/pretty_sln.py', 509, 511 ]
408 silly gunzTarPerm extractEntry gyp/tools/pretty_vcproj.py
409 silly gunzTarPerm modified mode [ 'gyp/tools/pretty_vcproj.py', 493, 511 ]
410 silly gentlyRm D:\Nas\5. HEIG-VD\3e annee\WebServ\FixYourStreet\node_modules\.staging\mongoose-unique-validator-202a151e\node_modules is being purged
411 verbose gentlyRm don't care about contents; nuking D:\Nas\5. HEIG-VD\3e annee\WebServ\FixYourStreet\node_modules\.staging\mongoose-unique-validator-202a151e\node_modules
412 silly gunzTarPerm extractEntry gyp/OWNERS
413 silly gunzTarPerm modified mode [ 'gyp/OWNERS', 420, 438 ]
414 silly gunzTarPerm extractEntry gyp/PRESUBMIT.py
415 silly gunzTarPerm modified mode [ 'gyp/PRESUBMIT.py', 420, 438 ]
416 silly gunzTarPerm extractEntry gyp/buildbot/aosp_manifest.xml
417 silly gunzTarPerm modified mode [ 'gyp/buildbot/aosp_manifest.xml', 436, 438 ]
418 silly gunzTarPerm extractEntry gyp/buildbot/buildbot_run.py
419 silly gunzTarPerm modified mode [ 'gyp/buildbot/buildbot_run.py', 493, 511 ]
420 silly gunzTarPerm extractEntry gyp/buildbot/commit_queue/README
421 silly gunzTarPerm modified mode [ 'gyp/buildbot/commit_queue/README', 436, 438 ]
422 silly gunzTarPerm extractEntry gyp/buildbot/commit_queue/OWNERS
423 silly gunzTarPerm modified mode [ 'gyp/buildbot/commit_queue/OWNERS', 436, 438 ]
424 silly gunzTarPerm extractEntry gyp/buildbot/commit_queue/cq_config.json
425 silly gunzTarPerm modified mode [ 'gyp/buildbot/commit_queue/cq_config.json', 420, 438 ]
426 silly gunzTarPerm extractEntry gyp/codereview.settings
427 silly gunzTarPerm modified mode [ 'gyp/codereview.settings', 436, 438 ]
428 silly gunzTarPerm extractEntry gyp/AUTHORS
429 silly gunzTarPerm modified mode [ 'gyp/AUTHORS', 420, 438 ]
430 silly gunzTarPerm extractEntry gyp/gyp
431 silly gunzTarPerm modified mode [ 'gyp/gyp', 509, 511 ]
432 silly gunzTarPerm extractEntry gyp/gyp.bat
433 silly gunzTarPerm modified mode [ 'gyp/gyp.bat', 493, 511 ]
434 silly gunzTarPerm extractEntry gyp/gyp_main.py
435 silly gunzTarPerm modified mode [ 'gyp/gyp_main.py', 493, 511 ]
436 silly gunzTarPerm extractEntry gyp/gyptest.py
437 silly gunzTarPerm modified mode [ 'gyp/gyptest.py', 509, 511 ]
438 silly gunzTarPerm extractEntry gyp/pylib/gyp/flock_tool.py
439 silly gunzTarPerm modified mode [ 'gyp/pylib/gyp/flock_tool.py', 509, 511 ]
440 silly gunzTarPerm extractEntry gyp/pylib/gyp/MSVSNew.py
441 silly gunzTarPerm modified mode [ 'gyp/pylib/gyp/MSVSNew.py', 436, 438 ]
442 silly gunzTarPerm extractEntry gyp/pylib/gyp/MSVSSettings.py
443 silly gunzTarPerm modified mode [ 'gyp/pylib/gyp/MSVSSettings.py', 420, 438 ]
444 silly gunzTarPerm extractEntry gyp/pylib/gyp/MSVSSettings_test.py
445 silly gunzTarPerm modified mode [ 'gyp/pylib/gyp/MSVSSettings_test.py', 493, 511 ]
446 silly gunzTarPerm extractEntry gyp/pylib/gyp/MSVSToolFile.py
447 silly gunzTarPerm modified mode [ 'gyp/pylib/gyp/MSVSToolFile.py', 420, 438 ]
448 silly gunzTarPerm extractEntry gyp/pylib/gyp/MSVSUserFile.py
449 silly gunzTarPerm modified mode [ 'gyp/pylib/gyp/MSVSUserFile.py', 420, 438 ]
450 silly gunzTarPerm extractEntry gyp/pylib/gyp/MSVSUtil.py
451 silly gunzTarPerm modified mode [ 'gyp/pylib/gyp/MSVSUtil.py', 436, 438 ]
452 silly gunzTarPerm extractEntry gyp/pylib/gyp/MSVSVersion.py
453 silly gunzTarPerm modified mode [ 'gyp/pylib/gyp/MSVSVersion.py', 420, 438 ]
454 silly gentlyRm D:\Nas\5. HEIG-VD\3e annee\WebServ\FixYourStreet\node_modules\.staging\bcrypt-ea935382\node_modules is being purged
455 verbose gentlyRm don't care about contents; nuking D:\Nas\5. HEIG-VD\3e annee\WebServ\FixYourStreet\node_modules\.staging\bcrypt-ea935382\node_modules
456 silly gunzTarPerm extractEntry gyp/pylib/gyp/__init__.py
457 silly gunzTarPerm modified mode [ 'gyp/pylib/gyp/__init__.py', 493, 511 ]
458 silly gunzTarPerm extractEntry gyp/pylib/gyp/common.py
459 silly gunzTarPerm modified mode [ 'gyp/pylib/gyp/common.py', 420, 438 ]
460 silly gunzTarPerm extractEntry gyp/pylib/gyp/common_test.py
461 silly gunzTarPerm modified mode [ 'gyp/pylib/gyp/common_test.py', 493, 511 ]
462 silly gunzTarPerm extractEntry gyp/pylib/gyp/easy_xml.py
463 silly gunzTarPerm modified mode [ 'gyp/pylib/gyp/easy_xml.py', 436, 438 ]
464 silly gunzTarPerm extractEntry gyp/pylib/gyp/easy_xml_test.py
465 silly gunzTarPerm modified mode [ 'gyp/pylib/gyp/easy_xml_test.py', 493, 511 ]
466 silly gunzTarPerm extractEntry gyp/pylib/gyp/MSVSProject.py
467 silly gunzTarPerm modified mode [ 'gyp/pylib/gyp/MSVSProject.py', 420, 438 ]
468 silly gunzTarPerm extractEntry gyp/pylib/gyp/generator/gypsh.py
469 silly gunzTarPerm modified mode [ 'gyp/pylib/gyp/generator/gypsh.py', 420, 438 ]
470 silly gunzTarPerm extractEntry gyp/pylib/gyp/generator/__init__.py
471 silly gunzTarPerm modified mode [ 'gyp/pylib/gyp/generator/__init__.py', 420, 438 ]
472 silly gunzTarPerm extractEntry gyp/pylib/gyp/generator/android.py
473 silly gunzTarPerm modified mode [ 'gyp/pylib/gyp/generator/android.py', 436, 438 ]
474 silly gunzTarPerm extractEntry gyp/pylib/gyp/generator/cmake.py
475 silly gunzTarPerm modified mode [ 'gyp/pylib/gyp/generator/cmake.py', 420, 438 ]
476 silly gunzTarPerm extractEntry gyp/pylib/gyp/generator/dump_dependency_json.py
477 silly gunzTarPerm modified mode [ 'gyp/pylib/gyp/generator/dump_dependency_json.py', 420, 438 ]
478 silly gunzTarPerm extractEntry gyp/pylib/gyp/generator/eclipse.py
479 silly gunzTarPerm modified mode [ 'gyp/pylib/gyp/generator/eclipse.py', 436, 438 ]
480 silly gunzTarPerm extractEntry gyp/pylib/gyp/generator/gypd.py
481 silly gunzTarPerm modified mode [ 'gyp/pylib/gyp/generator/gypd.py', 436, 438 ]
482 silly gunzTarPerm extractEntry gyp/pylib/gyp/generator/analyzer.py
483 silly gunzTarPerm modified mode [ 'gyp/pylib/gyp/generator/analyzer.py', 420, 438 ]
484 silly gunzTarPerm extractEntry gyp/pylib/gyp/generator/make.py
485 silly gunzTarPerm modified mode [ 'gyp/pylib/gyp/generator/make.py', 420, 438 ]
486 silly gunzTarPerm extractEntry gyp/pylib/gyp/generator/msvs.py
487 silly gunzTarPerm modified mode [ 'gyp/pylib/gyp/generator/msvs.py', 420, 438 ]
488 silly gunzTarPerm extractEntry gyp/pylib/gyp/generator/msvs_test.py
489 silly gunzTarPerm modified mode [ 'gyp/pylib/gyp/generator/msvs_test.py', 493, 511 ]
490 silly gunzTarPerm extractEntry gyp/pylib/gyp/generator/ninja.py
491 silly gunzTarPerm modified mode [ 'gyp/pylib/gyp/generator/ninja.py', 420, 438 ]
492 silly gunzTarPerm extractEntry gyp/pylib/gyp/generator/ninja_test.py
493 silly gunzTarPerm modified mode [ 'gyp/pylib/gyp/generator/ninja_test.py', 436, 438 ]
494 silly gunzTarPerm extractEntry gyp/pylib/gyp/generator/xcode.py
495 silly gunzTarPerm modified mode [ 'gyp/pylib/gyp/generator/xcode.py', 420, 438 ]
496 silly gunzTarPerm extractEntry gyp/pylib/gyp/generator/xcode_test.py
497 silly gunzTarPerm modified mode [ 'gyp/pylib/gyp/generator/xcode_test.py', 420, 438 ]
498 silly gunzTarPerm extractEntry gyp/pylib/gyp/input.py
499 silly gunzTarPerm modified mode [ 'gyp/pylib/gyp/input.py', 420, 438 ]
500 silly gunzTarPerm extractEntry gyp/pylib/gyp/input_test.py
501 silly gunzTarPerm modified mode [ 'gyp/pylib/gyp/input_test.py', 509, 511 ]
502 silly gunzTarPerm extractEntry gyp/pylib/gyp/mac_tool.py
503 silly gunzTarPerm modified mode [ 'gyp/pylib/gyp/mac_tool.py', 493, 511 ]
504 silly gunzTarPerm extractEntry gyp/pylib/gyp/msvs_emulation.py
505 silly gunzTarPerm modified mode [ 'gyp/pylib/gyp/msvs_emulation.py', 420, 438 ]
506 silly gunzTarPerm extractEntry gyp/pylib/gyp/ninja_syntax.py
507 silly gunzTarPerm modified mode [ 'gyp/pylib/gyp/ninja_syntax.py', 420, 438 ]
508 silly gunzTarPerm extractEntry gyp/pylib/gyp/ordered_dict.py
509 silly gunzTarPerm modified mode [ 'gyp/pylib/gyp/ordered_dict.py', 420, 438 ]
510 silly gunzTarPerm extractEntry gyp/pylib/gyp/simple_copy.py
511 silly gunzTarPerm modified mode [ 'gyp/pylib/gyp/simple_copy.py', 436, 438 ]
512 silly gunzTarPerm extractEntry gyp/pylib/gyp/win_tool.py
513 silly gunzTarPerm modified mode [ 'gyp/pylib/gyp/win_tool.py', 493, 511 ]
514 silly gunzTarPerm extractEntry gyp/pylib/gyp/xcode_emulation.py
515 silly gunzTarPerm modified mode [ 'gyp/pylib/gyp/xcode_emulation.py', 420, 438 ]
516 silly gunzTarPerm extractEntry gyp/pylib/gyp/xcode_ninja.py
517 silly gunzTarPerm modified mode [ 'gyp/pylib/gyp/xcode_ninja.py', 436, 438 ]
518 silly gunzTarPerm extractEntry gyp/pylib/gyp/xcodeproj_file.py
519 silly gunzTarPerm modified mode [ 'gyp/pylib/gyp/xcodeproj_file.py', 420, 438 ]
520 silly gunzTarPerm extractEntry gyp/pylib/gyp/xml_fix.py
521 silly gunzTarPerm modified mode [ 'gyp/pylib/gyp/xml_fix.py', 420, 438 ]
522 silly gunzTarPerm extractEntry gyp/samples/samples
523 silly gunzTarPerm modified mode [ 'gyp/samples/samples', 493, 511 ]
524 silly gunzTarPerm extractEntry gyp/samples/samples.bat
525 silly gunzTarPerm modified mode [ 'gyp/samples/samples.bat', 420, 438 ]
526 silly gunzTarPerm extractEntry gyp/setup.py
527 silly gunzTarPerm modified mode [ 'gyp/setup.py', 493, 511 ]
528 silly gunzTarPerm extractEntry gyp/data/win/large-pdb-shim.cc
529 silly gunzTarPerm modified mode [ 'gyp/data/win/large-pdb-shim.cc', 420, 438 ]
530 silly gunzTarPerm extractEntry lib/build.js
531 silly gunzTarPerm modified mode [ 'lib/build.js', 420, 438 ]
532 silly gunzTarPerm extractEntry lib/clean.js
533 silly gunzTarPerm modified mode [ 'lib/clean.js', 420, 438 ]
534 silly gunzTarPerm extractEntry lib/configure.js
535 silly gunzTarPerm modified mode [ 'lib/configure.js', 420, 438 ]
536 silly gunzTarPerm extractEntry lib/find-node-directory.js
537 silly gunzTarPerm modified mode [ 'lib/find-node-directory.js', 420, 438 ]
538 silly gunzTarPerm extractEntry lib/install.js
539 silly gunzTarPerm modified mode [ 'lib/install.js', 420, 438 ]
540 silly gunzTarPerm extractEntry lib/list.js
541 silly gunzTarPerm modified mode [ 'lib/list.js', 420, 438 ]
542 silly gunzTarPerm extractEntry lib/node-gyp.js
543 silly gunzTarPerm modified mode [ 'lib/node-gyp.js', 420, 438 ]
544 silly gunzTarPerm extractEntry lib/process-release.js
545 silly gunzTarPerm modified mode [ 'lib/process-release.js', 436, 438 ]
546 silly gentlyRm D:\Nas\5. HEIG-VD\3e annee\WebServ\FixYourStreet\node_modules\.staging\nan-9778a41d\node_modules is being purged
547 verbose gentlyRm don't care about contents; nuking D:\Nas\5. HEIG-VD\3e annee\WebServ\FixYourStreet\node_modules\.staging\nan-9778a41d\node_modules
548 silly gunzTarPerm extractEntry lib/rebuild.js
549 silly gunzTarPerm modified mode [ 'lib/rebuild.js', 436, 438 ]
550 silly gunzTarPerm extractEntry lib/remove.js
551 silly gunzTarPerm modified mode [ 'lib/remove.js', 420, 438 ]
552 silly gunzTarPerm extractEntry src/win_delay_load_hook.c
553 silly gunzTarPerm modified mode [ 'src/win_delay_load_hook.c', 420, 438 ]
554 silly gunzTarPerm extractEntry 0001-gyp-always-install-into-PRODUCT_DIR.patch
555 silly gunzTarPerm modified mode [ '0001-gyp-always-install-into-PRODUCT_DIR.patch', 436, 438 ]
556 silly gunzTarPerm extractEntry test/simple-proxy.js
557 silly gunzTarPerm modified mode [ 'test/simple-proxy.js', 420, 438 ]
558 silly gunzTarPerm extractEntry test/test-download.js
559 silly gunzTarPerm modified mode [ 'test/test-download.js', 420, 438 ]
560 silly gunzTarPerm extractEntry test/test-find-node-directory.js
561 silly gunzTarPerm modified mode [ 'test/test-find-node-directory.js', 420, 438 ]
562 silly gunzTarPerm extractEntry test/test-find-python.js
563 silly gunzTarPerm modified mode [ 'test/test-find-python.js', 420, 438 ]
564 silly gunzTarPerm extractEntry test/test-options.js
565 silly gunzTarPerm modified mode [ 'test/test-options.js', 420, 438 ]
566 silly gunzTarPerm extractEntry test/test-process-release.js
567 silly gunzTarPerm modified mode [ 'test/test-process-release.js', 436, 438 ]
568 silly gunzTarPerm extractEntry test/docker.sh
569 silly gunzTarPerm modified mode [ 'test/docker.sh', 509, 511 ]
570 silly gunzTarPerm extractEntry test/fixtures/ca-bundle.crt
571 silly gunzTarPerm modified mode [ 'test/fixtures/ca-bundle.crt', 420, 438 ]
572 silly gunzTarPerm extractEntry test/fixtures/ca.crt
573 silly gunzTarPerm modified mode [ 'test/fixtures/ca.crt', 420, 438 ]
574 silly gunzTarPerm extractEntry test/fixtures/server.crt
575 silly gunzTarPerm modified mode [ 'test/fixtures/server.crt', 420, 438 ]
576 silly gunzTarPerm extractEntry test/fixtures/server.key
577 silly gunzTarPerm modified mode [ 'test/fixtures/server.key', 420, 438 ]
578 silly gentlyRm D:\Nas\5. HEIG-VD\3e annee\WebServ\FixYourStreet\node_modules\.staging\node-gyp-9d009d35\node_modules is being purged
579 verbose gentlyRm don't care about contents; nuking D:\Nas\5. HEIG-VD\3e annee\WebServ\FixYourStreet\node_modules\.staging\node-gyp-9d009d35\node_modules
580 silly doParallel preinstall 5
581 silly preinstall bindings@1.2.1 D:\Nas\5. HEIG-VD\3e annee\WebServ\FixYourStreet\node_modules\.staging\bindings-4c6aa58a
582 info lifecycle bindings@1.2.1~preinstall: bindings@1.2.1
583 silly preinstall nan@2.0.5 D:\Nas\5. HEIG-VD\3e annee\WebServ\FixYourStreet\node_modules\.staging\nan-9778a41d
584 info lifecycle nan@2.0.5~preinstall: nan@2.0.5
585 silly preinstall bcrypt@0.8.5 D:\Nas\5. HEIG-VD\3e annee\WebServ\FixYourStreet\node_modules\.staging\bcrypt-ea935382
586 info lifecycle bcrypt@0.8.5~preinstall: bcrypt@0.8.5
587 silly preinstall mongoose-unique-validator@1.0.1 D:\Nas\5. HEIG-VD\3e annee\WebServ\FixYourStreet\node_modules\.staging\mongoose-unique-validator-202a151e
588 info lifecycle mongoose-unique-validator@1.0.1~preinstall: mongoose-unique-validator@1.0.1
589 silly preinstall node-gyp@3.3.0 D:\Nas\5. HEIG-VD\3e annee\WebServ\FixYourStreet\node_modules\.staging\node-gyp-9d009d35
590 info lifecycle node-gyp@3.3.0~preinstall: node-gyp@3.3.0
591 silly lifecycle bindings@1.2.1~preinstall: no script for preinstall, continuing
592 silly lifecycle nan@2.0.5~preinstall: no script for preinstall, continuing
593 silly lifecycle bcrypt@0.8.5~preinstall: no script for preinstall, continuing
594 silly lifecycle mongoose-unique-validator@1.0.1~preinstall: no script for preinstall, continuing
595 silly lifecycle node-gyp@3.3.0~preinstall: no script for preinstall, continuing
596 silly doReverseSerial remove 0
597 silly doSerial move 0
598 silly doSerial finalize 5
599 silly finalize D:\Nas\5. HEIG-VD\3e annee\WebServ\FixYourStreet\node_modules\bindings
600 silly finalize D:\Nas\5. HEIG-VD\3e annee\WebServ\FixYourStreet\node_modules\nan
601 silly finalize D:\Nas\5. HEIG-VD\3e annee\WebServ\FixYourStreet\node_modules\bcrypt
602 silly finalize D:\Nas\5. HEIG-VD\3e annee\WebServ\FixYourStreet\node_modules\mongoose-unique-validator
603 silly finalize D:\Nas\5. HEIG-VD\3e annee\WebServ\FixYourStreet\node_modules\node-gyp
604 silly doSerial build 5
605 silly build bindings@1.2.1
606 info linkStuff bindings@1.2.1
607 silly linkStuff bindings@1.2.1 has D:\Nas\5. HEIG-VD\3e annee\WebServ\FixYourStreet\node_modules as its parent node_modules
608 verbose linkBins bindings@1.2.1
609 verbose linkMans bindings@1.2.1
610 silly build nan@2.0.5
611 info linkStuff nan@2.0.5
612 silly linkStuff nan@2.0.5 has D:\Nas\5. HEIG-VD\3e annee\WebServ\FixYourStreet\node_modules as its parent node_modules
613 verbose linkBins nan@2.0.5
614 verbose linkMans nan@2.0.5
615 silly build bcrypt@0.8.5
616 info linkStuff bcrypt@0.8.5
617 silly linkStuff bcrypt@0.8.5 has D:\Nas\5. HEIG-VD\3e annee\WebServ\FixYourStreet\node_modules as its parent node_modules
618 verbose linkBins bcrypt@0.8.5
619 verbose linkMans bcrypt@0.8.5
620 silly build mongoose-unique-validator@1.0.1
621 info linkStuff mongoose-unique-validator@1.0.1
622 silly linkStuff mongoose-unique-validator@1.0.1 has D:\Nas\5. HEIG-VD\3e annee\WebServ\FixYourStreet\node_modules as its parent node_modules
623 verbose linkBins mongoose-unique-validator@1.0.1
624 verbose linkMans mongoose-unique-validator@1.0.1
625 silly build node-gyp@3.3.0
626 info linkStuff node-gyp@3.3.0
627 silly linkStuff node-gyp@3.3.0 has D:\Nas\5. HEIG-VD\3e annee\WebServ\FixYourStreet\node_modules as its parent node_modules
628 warn prefer global node-gyp@3.3.0 should be installed with -g
629 verbose linkBins node-gyp@3.3.0
630 verbose link bins [ { 'node-gyp': './bin/node-gyp.js' },
630 verbose link bins   'D:\\Nas\\5. HEIG-VD\\3e annee\\WebServ\\FixYourStreet\\node_modules\\.bin',
630 verbose link bins   false ]
631 verbose linkMans node-gyp@3.3.0
632 silly doSerial global-link 0
633 silly doParallel update-linked 0
634 silly doSerial install 5
635 silly install bindings@1.2.1 D:\Nas\5. HEIG-VD\3e annee\WebServ\FixYourStreet\node_modules\.staging\bindings-4c6aa58a
636 info lifecycle bindings@1.2.1~install: bindings@1.2.1
637 silly lifecycle bindings@1.2.1~install: no script for install, continuing
638 silly install nan@2.0.5 D:\Nas\5. HEIG-VD\3e annee\WebServ\FixYourStreet\node_modules\.staging\nan-9778a41d
639 info lifecycle nan@2.0.5~install: nan@2.0.5
640 silly lifecycle nan@2.0.5~install: no script for install, continuing
641 silly install bcrypt@0.8.5 D:\Nas\5. HEIG-VD\3e annee\WebServ\FixYourStreet\node_modules\.staging\bcrypt-ea935382
642 info lifecycle bcrypt@0.8.5~install: bcrypt@0.8.5
643 verbose lifecycle bcrypt@0.8.5~install: unsafe-perm in lifecycle true
644 verbose lifecycle bcrypt@0.8.5~install: PATH: C:\Users\loic\AppData\Roaming\npm\node_modules\npm\bin\node-gyp-bin;D:\Nas\5. HEIG-VD\3e annee\WebServ\FixYourStreet\node_modules\bcrypt\node_modules\.bin;D:\Nas\5. HEIG-VD\3e annee\WebServ\FixYourStreet\node_modules\.bin;C:\Program Files\nodejs;C:\Users\loic\.babun\cygwin\home\loic\.local\bin;C:\Users\loic\.babun\cygwin\usr\local\bin;C:\Users\loic\.babun\cygwin\home\loic\.local\bin;C:\Users\loic\.babun\cygwin\usr\local\bin;C:\Users\loic\.babun\cygwin\bin;C:\Ruby193\bin;C:\Program Files (x86)\Intel\iCLS Client;C:\Program Files\Intel\iCLS Client;C:\ProgramData\Oracle\Java\javapath;C:\Windows\system32;C:\Windows;C:\Windows\System32\Wbem;C:\Windows\System32\WindowsPowerShell\v1.0;C:\Program Files (x86)\NVIDIA Corporation\PhysX\Common;C:\Program Files (x86)\QuickTime\QTSystem;C:\Program Files\Intel\Intel(R) Management Engine Components\DAL;C:\Program Files\Intel\Intel(R) Management Engine Components\IPT;C:\Program Files (x86)\Intel\Intel(R) Management Engine Components\DAL;C:\Program Files (x86)\Intel\Intel(R) Management Engine Components\IPT;C:\Program Files\Intel\WiFi\bin;C:\Program Files\Common Files\Intel\WirelessCommon;C:\Program Files (x86)\Druide\Antidote 8\Programmes64;C:\Program Files (x86)\Druide\Antidote 8\Programmes32;C:\Program Files (x86)\Skype\Phone;C:\Program Files\Git\cmd;C:\Program Files\OpenVPN\bin;C:\Program Files\nodejs;C:\Program Files\Intel\WiFi\bin;C:\Program Files\Common Files\Intel\WirelessCommon;C:\Users\loic\AppData\Local\atom\bin;C:\Users\loic\AppData\Roaming\npm;C:\Users\loic\.babun
645 verbose lifecycle bcrypt@0.8.5~install: CWD: D:\Nas\5. HEIG-VD\3e annee\WebServ\FixYourStreet\node_modules\bcrypt
646 silly lifecycle bcrypt@0.8.5~install: Args: [ '/d /s /c', 'node-gyp rebuild' ]
647 silly lifecycle bcrypt@0.8.5~install: Returned: code: 1  signal: null
648 info lifecycle bcrypt@0.8.5~install: Failed to exec install script
649 verbose unlock done using C:\Users\loic\AppData\Roaming\npm-cache\_locks\staging-cd419f29714a6e48.lock for D:\Nas\5. HEIG-VD\3e annee\WebServ\FixYourStreet\node_modules\.staging
650 silly rollbackFailedOptional Starting
651 silly rollbackFailedOptional Finishing
652 silly runTopLevelLifecycles Starting
653 silly runTopLevelLifecycles Finishing
654 silly install printInstalled
655 verbose stack Error: bcrypt@0.8.5 install: `node-gyp rebuild`
655 verbose stack Exit status 1
655 verbose stack     at EventEmitter.<anonymous> (C:\Users\loic\AppData\Roaming\npm\node_modules\npm\lib\utils\lifecycle.js:239:16)
655 verbose stack     at emitTwo (events.js:87:13)
655 verbose stack     at EventEmitter.emit (events.js:172:7)
655 verbose stack     at ChildProcess.<anonymous> (C:\Users\loic\AppData\Roaming\npm\node_modules\npm\lib\utils\spawn.js:24:14)
655 verbose stack     at emitTwo (events.js:87:13)
655 verbose stack     at ChildProcess.emit (events.js:172:7)
655 verbose stack     at maybeClose (internal/child_process.js:821:16)
655 verbose stack     at Process.ChildProcess._handle.onexit (internal/child_process.js:211:5)
656 verbose pkgid bcrypt@0.8.5
657 verbose cwd D:\Nas\5. HEIG-VD\3e annee\WebServ\FixYourStreet
658 error Windows_NT 6.1.7601
659 error argv "C:\\Program Files\\nodejs\\node.exe" "C:\\Users\\loic\\AppData\\Roaming\\npm\\node_modules\\npm\\bin\\npm-cli.js" "install" "bcrypt"
660 error node v4.3.1
661 error npm  v3.7.3
662 error code ELIFECYCLE
663 error bcrypt@0.8.5 install: `node-gyp rebuild`
663 error Exit status 1
664 error Failed at the bcrypt@0.8.5 install script 'node-gyp rebuild'.
664 error Make sure you have the latest version of node.js and npm installed.
664 error If you do, this is most likely a problem with the bcrypt package,
664 error not with npm itself.
664 error Tell the author that this fails on your system:
664 error     node-gyp rebuild
664 error You can get information on how to open an issue for this project with:
664 error     npm bugs bcrypt
664 error Or if that isn't available, you can get their info via:
664 error     npm owner ls bcrypt
664 error There is likely additional logging output above.
665 verbose exit [ 1, true ]
